 MultiNest Warning: no resume file found, starting from scratch
 *****************************************************
 MultiNest v3.10
 Copyright Farhan Feroz & Mike Hobson
 Release Jul 2015

 no. of live points = 1024
 dimensionality =    3
 *****************************************************
 Starting MultiNest
 generating live points
 live points generated, starting sampling
Acceptance Rate:                        0.998141
Replacements:                               1074
Total Samples:                              1076
Nested Sampling ln(Z):              -1212.489023
Acceptance Rate:                        0.995571
Replacements:                               1124
Total Samples:                              1129
Nested Sampling ln(Z):              -1105.122418
Acceptance Rate:                        0.989882
Replacements:                               1174
Total Samples:                              1186
Nested Sampling ln(Z):              -1018.064658
Acceptance Rate:                        0.987893
Replacements:                               1224
Total Samples:                              1239
Nested Sampling ln(Z):               -915.542063
Acceptance Rate:                        0.976994
Replacements:                               1274
Total Samples:                              1304
Nested Sampling ln(Z):               -822.622756
Acceptance Rate:                        0.965015
Replacements:                               1324
Total Samples:                              1372
Nested Sampling ln(Z):               -746.108556
Acceptance Rate:                        0.954167
Replacements:                               1374
Total Samples:                              1440
Nested Sampling ln(Z):               -674.691428
Acceptance Rate:                        0.942422
Replacements:                               1424
Total Samples:                              1511
Nested Sampling ln(Z):               -612.787348
Acceptance Rate:                        0.922403
Replacements:                               1474
Total Samples:                              1598
Nested Sampling ln(Z):               -562.284530
Acceptance Rate:                        0.906064
Replacements:                               1524
Total Samples:                              1682
Nested Sampling ln(Z):               -510.551948
Acceptance Rate:                        0.896866
Replacements:                               1574
Total Samples:                              1755
Nested Sampling ln(Z):               -469.505631
Acceptance Rate:                        0.883089
Replacements:                               1624
Total Samples:                              1839
Nested Sampling ln(Z):               -438.225735
Acceptance Rate:                        0.870968
Replacements:                               1674
Total Samples:                              1922
Nested Sampling ln(Z):               -405.170998
Acceptance Rate:                        0.868077
Replacements:                               1724
Total Samples:                              1986
Nested Sampling ln(Z):               -381.949267
Acceptance Rate:                        0.864944
Replacements:                               1774
Total Samples:                              2051
Nested Sampling ln(Z):               -364.391049
Acceptance Rate:                        0.858757
Replacements:                               1824
Total Samples:                              2124
Nested Sampling ln(Z):               -348.656425
Acceptance Rate:                        0.849887
Replacements:                               1874
Total Samples:                              2205
Nested Sampling ln(Z):               -335.245538
Acceptance Rate:                        0.844601
Replacements:                               1924
Total Samples:                              2278
Nested Sampling ln(Z):               -326.973259
Acceptance Rate:                        0.830808
Replacements:                               1974
Total Samples:                              2376
Nested Sampling ln(Z):               -313.790639
Acceptance Rate:                        0.824776
Replacements:                               2024
Total Samples:                              2454
Nested Sampling ln(Z):               -305.469744
Acceptance Rate:                        0.814931
Replacements:                               2074
Total Samples:                              2545
Nested Sampling ln(Z):               -298.910831
Acceptance Rate:                        0.807605
Replacements:                               2124
Total Samples:                              2630
Nested Sampling ln(Z):               -292.548269
Acceptance Rate:                        0.804589
Replacements:                               2174
Total Samples:                              2702
Nested Sampling ln(Z):               -288.318422
Acceptance Rate:                        0.802019
Replacements:                               2224
Total Samples:                              2773
Nested Sampling ln(Z):               -283.173294
Acceptance Rate:                        0.797615
Replacements:                               2274
Total Samples:                              2851
Nested Sampling ln(Z):               -278.893093
Acceptance Rate:                        0.794258
Replacements:                               2324
Total Samples:                              2926
Nested Sampling ln(Z):               -274.521908
Acceptance Rate:                        0.789754
Replacements:                               2374
Total Samples:                              3006
Nested Sampling ln(Z):               -271.212620
Acceptance Rate:                        0.787269
Replacements:                               2424
Total Samples:                              3079
Nested Sampling ln(Z):               -267.908873
Acceptance Rate:                        0.784401
Replacements:                               2474
Total Samples:                              3154
Nested Sampling ln(Z):               -264.448828
Acceptance Rate:                        0.781182
Replacements:                               2524
Total Samples:                              3231
Nested Sampling ln(Z):               -261.732314
Acceptance Rate:                        0.777409
Replacements:                               2574
Total Samples:                              3311
Nested Sampling ln(Z):               -258.874500
Acceptance Rate:                        0.770858
Replacements:                               2624
Total Samples:                              3404
Nested Sampling ln(Z):               -255.695883
Acceptance Rate:                        0.762693
Replacements:                               2674
Total Samples:                              3506
Nested Sampling ln(Z):               -252.955763
Acceptance Rate:                        0.756247
Replacements:                               2724
Total Samples:                              3602
Nested Sampling ln(Z):               -250.736938
Acceptance Rate:                        0.752169
Replacements:                               2774
Total Samples:                              3688
Nested Sampling ln(Z):               -248.267950
Acceptance Rate:                        0.749270
Replacements:                               2824
Total Samples:                              3769
Nested Sampling ln(Z):               -245.938903
Acceptance Rate:                        0.746687
Replacements:                               2874
Total Samples:                              3849
Nested Sampling ln(Z):               -243.616468
Acceptance Rate:                        0.742697
Replacements:                               2924
Total Samples:                              3937
Nested Sampling ln(Z):               -241.211261
Acceptance Rate:                        0.739617
Replacements:                               2974
Total Samples:                              4021
Nested Sampling ln(Z):               -239.301353
Acceptance Rate:                        0.736125
Replacements:                               3024
Total Samples:                              4108
Nested Sampling ln(Z):               -237.543713
Acceptance Rate:                        0.731382
Replacements:                               3074
Total Samples:                              4203
Nested Sampling ln(Z):               -235.853447
Acceptance Rate:                        0.729566
Replacements:                               3124
Total Samples:                              4282
Nested Sampling ln(Z):               -234.216286
Acceptance Rate:                        0.728483
Replacements:                               3174
Total Samples:                              4357
Nested Sampling ln(Z):               -232.703461
Acceptance Rate:                        0.726453
Replacements:                               3224
Total Samples:                              4438
Nested Sampling ln(Z):               -230.864491
Acceptance Rate:                        0.723856
Replacements:                               3274
Total Samples:                              4523
Nested Sampling ln(Z):               -229.321250
Acceptance Rate:                        0.720885
Replacements:                               3324
Total Samples:                              4611
Nested Sampling ln(Z):               -227.818347
Acceptance Rate:                        0.718025
Replacements:                               3374
Total Samples:                              4699
Nested Sampling ln(Z):               -226.593027
Acceptance Rate:                        0.718422
Replacements:                               3424
Total Samples:                              4766
Nested Sampling ln(Z):               -225.370984
Acceptance Rate:                        0.716584
Replacements:                               3474
Total Samples:                              4848
Nested Sampling ln(Z):               -224.082573
Acceptance Rate:                        0.713938
Replacements:                               3524
Total Samples:                              4936
Nested Sampling ln(Z):               -222.838677
Acceptance Rate:                        0.711669
Replacements:                               3574
Total Samples:                              5022
Nested Sampling ln(Z):               -221.498362
Acceptance Rate:                        0.707122
Replacements:                               3624
Total Samples:                              5125
Nested Sampling ln(Z):               -220.380955
Acceptance Rate:                        0.705589
Replacements:                               3674
Total Samples:                              5207
Nested Sampling ln(Z):               -219.349892
Acceptance Rate:                        0.704103
Replacements:                               3724
Total Samples:                              5289
Nested Sampling ln(Z):               -218.316060
Acceptance Rate:                        0.702270
Replacements:                               3774
Total Samples:                              5374
Nested Sampling ln(Z):               -217.443611
Acceptance Rate:                        0.698958
Replacements:                               3824
Total Samples:                              5471
Nested Sampling ln(Z):               -216.670728
Acceptance Rate:                        0.696888
Replacements:                               3874
Total Samples:                              5559
Nested Sampling ln(Z):               -215.984022
Acceptance Rate:                        0.694268
Replacements:                               3924
Total Samples:                              5652
Nested Sampling ln(Z):               -215.302477
Acceptance Rate:                        0.689931
Replacements:                               3974
Total Samples:                              5760
Nested Sampling ln(Z):               -214.652886
Acceptance Rate:                        0.685753
Replacements:                               4024
Total Samples:                              5868
Nested Sampling ln(Z):               -214.055395
Acceptance Rate:                        0.683672
Replacements:                               4074
Total Samples:                              5959
Nested Sampling ln(Z):               -213.517852
Acceptance Rate:                        0.680865
Replacements:                               4124
Total Samples:                              6057
Nested Sampling ln(Z):               -213.043933
Acceptance Rate:                        0.680137
Replacements:                               4174
Total Samples:                              6137
Nested Sampling ln(Z):               -212.533045
Acceptance Rate:                        0.677140
Replacements:                               4224
Total Samples:                              6238
Nested Sampling ln(Z):               -212.026206
Acceptance Rate:                        0.676159
Replacements:                               4274
Total Samples:                              6321
Nested Sampling ln(Z):               -211.558960
Acceptance Rate:                        0.675731
Replacements:                               4324
Total Samples:                              6399
Nested Sampling ln(Z):               -211.113610
Acceptance Rate:                        0.672820
Replacements:                               4374
Total Samples:                              6501
Nested Sampling ln(Z):               -210.720373
Acceptance Rate:                        0.670506
Replacements:                               4424
Total Samples:                              6598
Nested Sampling ln(Z):               -210.327512
Acceptance Rate:                        0.667761
Replacements:                               4474
Total Samples:                              6700
Nested Sampling ln(Z):               -209.960089
Acceptance Rate:                        0.665001
Replacements:                               4524
Total Samples:                              6803
Nested Sampling ln(Z):               -209.613731
Acceptance Rate:                        0.664053
Replacements:                               4574
Total Samples:                              6888
Nested Sampling ln(Z):               -209.287548
Acceptance Rate:                        0.660477
Replacements:                               4624
Total Samples:                              7001
Nested Sampling ln(Z):               -208.990492
Acceptance Rate:                        0.658681
Replacements:                               4674
Total Samples:                              7096
Nested Sampling ln(Z):               -208.708312
Acceptance Rate:                        0.655474
Replacements:                               4724
Total Samples:                              7207
Nested Sampling ln(Z):               -208.422733
Acceptance Rate:                        0.655139
Replacements:                               4774
Total Samples:                              7287
Nested Sampling ln(Z):               -208.140586
Acceptance Rate:                        0.653924
Replacements:                               4824
Total Samples:                              7377
Nested Sampling ln(Z):               -207.883011
Acceptance Rate:                        0.653439
Replacements:                               4874
Total Samples:                              7459
Nested Sampling ln(Z):               -207.629496
Acceptance Rate:                        0.652358
Replacements:                               4924
Total Samples:                              7548
Nested Sampling ln(Z):               -207.386274
Acceptance Rate:                        0.652328
Replacements:                               4974
Total Samples:                              7625
Nested Sampling ln(Z):               -207.150416
Acceptance Rate:                        0.651115
Replacements:                               5024
Total Samples:                              7716
Nested Sampling ln(Z):               -206.922099
Acceptance Rate:                        0.650596
Replacements:                               5074
Total Samples:                              7799
Nested Sampling ln(Z):               -206.694735
Acceptance Rate:                        0.648854
Replacements:                               5124
Total Samples:                              7897
Nested Sampling ln(Z):               -206.471048
Acceptance Rate:                        0.646265
Replacements:                               5174
Total Samples:                              8006
Nested Sampling ln(Z):               -206.253904
Acceptance Rate:                        0.644143
Replacements:                               5224
Total Samples:                              8110
Nested Sampling ln(Z):               -206.051018
Acceptance Rate:                        0.642779
Replacements:                               5274
Total Samples:                              8205
Nested Sampling ln(Z):               -205.864293
Acceptance Rate:                        0.640751
Replacements:                               5324
Total Samples:                              8309
Nested Sampling ln(Z):               -205.684094
Acceptance Rate:                        0.638166
Replacements:                               5374
Total Samples:                              8421
Nested Sampling ln(Z):               -205.508109
Acceptance Rate:                        0.637218
Replacements:                               5424
Total Samples:                              8512
Nested Sampling ln(Z):               -205.343584
Acceptance Rate:                        0.637253
Replacements:                               5474
Total Samples:                              8590
Nested Sampling ln(Z):               -205.189611
Acceptance Rate:                        0.636993
Replacements:                               5524
Total Samples:                              8672
Nested Sampling ln(Z):               -205.037586
Acceptance Rate:                        0.637029
Replacements:                               5574
Total Samples:                              8750
Nested Sampling ln(Z):               -204.892710
Acceptance Rate:                        0.636992
Replacements:                               5624
Total Samples:                              8829
Nested Sampling ln(Z):               -204.754098
Acceptance Rate:                        0.636741
Replacements:                               5674
Total Samples:                              8911
Nested Sampling ln(Z):               -204.617907
Acceptance Rate:                        0.636071
Replacements:                               5724
Total Samples:                              8999
Nested Sampling ln(Z):               -204.486373
Acceptance Rate:                        0.636183
Replacements:                               5774
Total Samples:                              9076
Nested Sampling ln(Z):               -204.360129
Acceptance Rate:                        0.635738
Replacements:                               5824
Total Samples:                              9161
Nested Sampling ln(Z):               -204.240001
Acceptance Rate:                        0.635714
Replacements:                               5874
Total Samples:                              9240
Nested Sampling ln(Z):               -204.125143
Acceptance Rate:                        0.635145
Replacements:                               5924
Total Samples:                              9327
Nested Sampling ln(Z):               -204.015255
Acceptance Rate:                        0.632236
Replacements:                               5974
Total Samples:                              9449
Nested Sampling ln(Z):               -203.906967
Acceptance Rate:                        0.631116
Replacements:                               6024
Total Samples:                              9545
Nested Sampling ln(Z):               -203.800793
Acceptance Rate:                        0.628388
Replacements:                               6074
Total Samples:                              9666
Nested Sampling ln(Z):               -203.700005
Acceptance Rate:                        0.625728
Replacements:                               6124
Total Samples:                              9787
Nested Sampling ln(Z):               -203.603731
Acceptance Rate:                        0.623699
Replacements:                               6174
Total Samples:                              9899
Nested Sampling ln(Z):               -203.510961
Acceptance Rate:                        0.621406
Replacements:                               6224
Total Samples:                             10016
Nested Sampling ln(Z):               -203.420192
Acceptance Rate:                        0.619348
Replacements:                               6274
Total Samples:                             10130
Nested Sampling ln(Z):               -203.332149
Acceptance Rate:                        0.617277
Replacements:                               6324
Total Samples:                             10245
Nested Sampling ln(Z):               -203.248538
Acceptance Rate:                        0.614776
Replacements:                               6374
Total Samples:                             10368
Nested Sampling ln(Z):               -203.168289
Acceptance Rate:                        0.612977
Replacements:                               6424
Total Samples:                             10480
Nested Sampling ln(Z):               -203.092184
Acceptance Rate:                        0.609203
Replacements:                               6474
Total Samples:                             10627
Nested Sampling ln(Z):               -203.018726
Acceptance Rate:                        0.607845
Replacements:                               6524
Total Samples:                             10733
Nested Sampling ln(Z):               -202.948901
Acceptance Rate:                        0.605118
Replacements:                               6574
Total Samples:                             10864
Nested Sampling ln(Z):               -202.882258
Acceptance Rate:                        0.605429
Replacements:                               6624
Total Samples:                             10941
Nested Sampling ln(Z):               -202.817750
Acceptance Rate:                        0.605077
Replacements:                               6674
Total Samples:                             11030
Nested Sampling ln(Z):               -202.756007
Acceptance Rate:                        0.604894
Replacements:                               6724
Total Samples:                             11116
Nested Sampling ln(Z):               -202.696268
Acceptance Rate:                        0.603905
Replacements:                               6774
Total Samples:                             11217
Nested Sampling ln(Z):               -202.638328
Acceptance Rate:                        0.602880
Replacements:                               6824
Total Samples:                             11319
Nested Sampling ln(Z):               -202.582230
Acceptance Rate:                        0.601926
Replacements:                               6874
Total Samples:                             11420
Nested Sampling ln(Z):               -202.528190
Acceptance Rate:                        0.600208
Replacements:                               6924
Total Samples:                             11536
Nested Sampling ln(Z):               -202.475088
Acceptance Rate:                        0.598729
Replacements:                               6974
Total Samples:                             11648
Nested Sampling ln(Z):               -202.422789
Acceptance Rate:                        0.597279
Replacements:                               7024
Total Samples:                             11760
Nested Sampling ln(Z):               -202.372221
Acceptance Rate:                        0.595304
Replacements:                               7074
Total Samples:                             11883
Nested Sampling ln(Z):               -202.322850
Acceptance Rate:                        0.592926
Replacements:                               7124
Total Samples:                             12015
Nested Sampling ln(Z):               -202.274540
Acceptance Rate:                        0.591036
Replacements:                               7174
Total Samples:                             12138
Nested Sampling ln(Z):               -202.228096
Acceptance Rate:                        0.588465
Replacements:                               7224
Total Samples:                             12276
Nested Sampling ln(Z):               -202.183087
Acceptance Rate:                        0.585857
Replacements:                               7274
Total Samples:                             12416
Nested Sampling ln(Z):               -202.139624
Acceptance Rate:                        0.585967
Replacements:                               7324
Total Samples:                             12499
Nested Sampling ln(Z):               -202.097236
Acceptance Rate:                        0.585285
Replacements:                               7374
Total Samples:                             12599
Nested Sampling ln(Z):               -202.056390
Acceptance Rate:                        0.584889
Replacements:                               7424
Total Samples:                             12693
Nested Sampling ln(Z):               -202.017300
Acceptance Rate:                        0.584317
Replacements:                               7474
Total Samples:                             12791
Nested Sampling ln(Z):               -201.979602

 MultiNest Warning!
 Parameter            2  of mode            1  is converging towards the edge of the prior.
Acceptance Rate:                        0.584071
Replacements:                               7524
Total Samples:                             12882
Nested Sampling ln(Z):               -201.943451
Acceptance Rate:                        0.583288
Replacements:                               7574
Total Samples:                             12985
Nested Sampling ln(Z):               -201.908683

 MultiNest Warning!
 Parameter            2  of mode            1  is converging towards the edge of the prior.
Acceptance Rate:                        0.582074
Replacements:                               7624
Total Samples:                             13098
Nested Sampling ln(Z):               -201.874767
Acceptance Rate:                        0.580880
Replacements:                               7674
Total Samples:                             13211
Nested Sampling ln(Z):               -201.842131

 MultiNest Warning!
 Parameter            2  of mode            1  is converging towards the edge of the prior.
Acceptance Rate:                        0.579445
Replacements:                               7724
Total Samples:                             13330
Nested Sampling ln(Z):               -201.810463
Acceptance Rate:                        0.577477
Replacements:                               7774
Total Samples:                             13462
Nested Sampling ln(Z):               -201.780201

 MultiNest Warning!
 Parameter            2  of mode            1  is converging towards the edge of the prior.
Acceptance Rate:                        0.575633
Replacements:                               7824
Total Samples:                             13592
Nested Sampling ln(Z):               -201.751348
Acceptance Rate:                        0.574912
Replacements:                               7874
Total Samples:                             13696
Nested Sampling ln(Z):               -201.723424

 MultiNest Warning!
 Parameter            2  of mode            1  is converging towards the edge of the prior.
Acceptance Rate:                        0.574494
Replacements:                               7924
Total Samples:                             13793
Nested Sampling ln(Z):               -201.696217
Acceptance Rate:                        0.574082
Replacements:                               7974
Total Samples:                             13890
Nested Sampling ln(Z):               -201.669581

 MultiNest Warning!
 Parameter            2  of mode            1  is converging towards the edge of the prior.
Acceptance Rate:                        0.574004
Replacements:                               8024
Total Samples:                             13979
Nested Sampling ln(Z):               -201.643508
Acceptance Rate:                        0.573927
Replacements:                               8074
Total Samples:                             14068
Nested Sampling ln(Z):               -201.618346

 MultiNest Warning!
 Parameter            2  of mode            1  is converging towards the edge of the prior.
Acceptance Rate:                        0.573729
Replacements:                               8124
Total Samples:                             14160
Nested Sampling ln(Z):               -201.594033
Acceptance Rate:                        0.573534
Replacements:                               8174
Total Samples:                             14252
Nested Sampling ln(Z):               -201.570553

 MultiNest Warning!
 Parameter            2  of mode            1  is converging towards the edge of the prior.
Acceptance Rate:                        0.572383
Replacements:                               8224
Total Samples:                             14368
Nested Sampling ln(Z):               -201.547725
Acceptance Rate:                        0.572001
Replacements:                               8274
Total Samples:                             14465
Nested Sampling ln(Z):               -201.525590

 MultiNest Warning!
 Parameter            2  of mode            1  is converging towards the edge of the prior.
Acceptance Rate:                        0.571350
Replacements:                               8324
Total Samples:                             14569
Nested Sampling ln(Z):               -201.504174
Acceptance Rate:                        0.571214
Replacements:                               8374
Total Samples:                             14660
Nested Sampling ln(Z):               -201.483370

 MultiNest Warning!
 Parameter            2  of mode            1  is converging towards the edge of the prior.
Acceptance Rate:                        0.571041
Replacements:                               8424
Total Samples:                             14752
Nested Sampling ln(Z):               -201.463211
Acceptance Rate:                        0.570678
Replacements:                               8474
Total Samples:                             14849
Nested Sampling ln(Z):               -201.443609

 MultiNest Warning!
 Parameter            2  of mode            1  is converging towards the edge of the prior.
Acceptance Rate:                        0.570511
Replacements:                               8524
Total Samples:                             14941
Nested Sampling ln(Z):               -201.424658
Acceptance Rate:                        0.570687
Replacements:                               8574
Total Samples:                             15024
Nested Sampling ln(Z):               -201.406314

 MultiNest Warning!
 Parameter            2  of mode            1  is converging towards the edge of the prior.
Acceptance Rate:                        0.569993
Replacements:                               8624
Total Samples:                             15130
Nested Sampling ln(Z):               -201.388568
Acceptance Rate:                        0.569908
Replacements:                               8674
Total Samples:                             15220
Nested Sampling ln(Z):               -201.371413

 MultiNest Warning!
 Parameter            2  of mode            1  is converging towards the edge of the prior.
Acceptance Rate:                        0.569712
Replacements:                               8724
Total Samples:                             15313
Nested Sampling ln(Z):               -201.354869
Acceptance Rate:                        0.569703
Replacements:                               8774
Total Samples:                             15401
Nested Sampling ln(Z):               -201.338914

 MultiNest Warning!
 Parameter            2  of mode            1  is converging towards the edge of the prior.
Acceptance Rate:                        0.569033
Replacements:                               8824
Total Samples:                             15507
Nested Sampling ln(Z):               -201.323468
Acceptance Rate:                        0.568773
Replacements:                               8874
Total Samples:                             15602
Nested Sampling ln(Z):               -201.308481

 MultiNest Warning!
 Parameter            2  of mode            1  is converging towards the edge of the prior.
Acceptance Rate:                        0.568661
Replacements:                               8924
Creating light curve model for inference
Running with filters ['ztfg']
Running with the following additional sampler_kwargs:
{}
  analysing data from /tmp/tmpnzzatwc9/.txt
Best fit parameters: {'luminosity_distance': 170.78826641017744, 'timeshift': -0.9989320310845085, 'supernova_mag_boost': 3.0268293180164267, 'Ebv': 0.0, 'log_likelihood': -193.39286746938177, 'log_prior': -7.313220387090301}
Best fit index: 4403
Saved bestfit parameters and magnitudes to ./lc_TrPi2018_00037_fit_nugent-hyper_tmax_21_bestfit_params.json
Total Samples:                             15693
Nested Sampling ln(Z):               -201.293954
Acceptance Rate:                        0.568550
Replacements:                               8974
Total Samples:                             15784
Nested Sampling ln(Z):               -201.279893

 MultiNest Warning!
 Parameter            2  of mode            1  is converging towards the edge of the prior.
Acceptance Rate:                        0.567869
Replacements:                               9024
Total Samples:                             15891
Nested Sampling ln(Z):               -201.266305
Acceptance Rate:                        0.567444
Replacements:                               9074
Total Samples:                             15991
Nested Sampling ln(Z):               -201.253195

 MultiNest Warning!
 Parameter            2  of mode            1  is converging towards the edge of the prior.
Acceptance Rate:                        0.567342
Replacements:                               9124
Total Samples:                             16082
Nested Sampling ln(Z):               -201.240570
Acceptance Rate:                        0.566401
Replacements:                               9174
Total Samples:                             16197
Nested Sampling ln(Z):               -201.228474

 MultiNest Warning!
 Parameter            2  of mode            1  is converging towards the edge of the prior.
Acceptance Rate:                        0.565439
Replacements:                               9224
Total Samples:                             16313
Nested Sampling ln(Z):               -201.216831
Acceptance Rate:                        0.565143
Replacements:                               9274
Total Samples:                             16410
Nested Sampling ln(Z):               -201.205643

 MultiNest Warning!
 Parameter            2  of mode            1  is converging towards the edge of the prior.
Acceptance Rate:                        0.564783
Replacements:                               9324
Total Samples:                             16509
Nested Sampling ln(Z):               -201.194819
Acceptance Rate:                        0.564461
Replacements:                               9374
Total Samples:                             16607
Nested Sampling ln(Z):               -201.184334

 MultiNest Warning!
 Parameter            2  of mode            1  is converging towards the edge of the prior.
Acceptance Rate:                        0.563872
Replacements:                               9424
Total Samples:                             16713
Nested Sampling ln(Z):               -201.174198
Acceptance Rate:                        0.563426
Replacements:                               9474
Total Samples:                             16815
Nested Sampling ln(Z):               -201.164436

 MultiNest Warning!
 Parameter            2  of mode            1  is converging towards the edge of the prior.
Acceptance Rate:                        0.563717
Replacements:                               9524
Total Samples:                             16895
Nested Sampling ln(Z):               -201.155025
Acceptance Rate:                        0.563567
Replacements:                               9575
Total Samples:                             16990
Nested Sampling ln(Z):               -201.145721
Acceptance Rate:                        0.563294
Replacements:                               9625
Total Samples:                             17087
Nested Sampling ln(Z):               -201.136902
Acceptance Rate:                        0.563299
Replacements:                               9651
Total Samples:                             17133
Nested Sampling ln(Z):               -201.132449
 ln(ev)=  -200.90760509292292      +/-   7.1711428864135340E-002
 Total Likelihood Evaluations:        17133
 Sampling finished. Exiting MultiNest
