/home/tbarna/.conda/envs/nmma_dev/lib/python3.10/site-packages/astropy/time/formats.py:1580: FutureWarning: Passing (type, 1) or '1type' as a synonym of type is deprecated; in a future version of numpy, it will be understood as (type, (1,)) / '(1,)type'.
  val1_uint32 = val1.view((np.uint32, val1.dtype.itemsize // 4))
12:35 bilby INFO    : Running for label 'lc_nugent-hyper_00000_fit_nugent-hyper_tmax_09', output will be saved to 'model_recovery_timestep/lc_nugent-hyper_00000/nugent-hyper'
Traceback (most recent call last):
  File "/cm/shared/apps/spack/0.17.3/cpu/b/opt/spack/linux-rocky8-zen/gcc-8.5.0/anaconda3-2021.05-q4munrgvh7qp4o7r3nzcdkbuph4z7375/condabin/conda", line 12, in <module>
    from conda.cli import main
ModuleNotFoundError: No module named 'conda'
/home/tbarna/.conda/envs/nmma_dev/lib/python3.10/site-packages/_distutils_hack/__init__.py:33: UserWarning: Setuptools is replacing distutils.
  warnings.warn("Setuptools is replacing distutils.")
12:35 bilby INFO    : Analysis priors:
12:35 bilby INFO    : luminosity_distance=Uniform(minimum=150, maximum=225, name='luminosity_distance', latex_label='$D_L$', unit=None, boundary=None)
12:35 bilby INFO    : timeshift=Uniform(minimum=-1.0, maximum=1.0, name='trigger_time', latex_label='$t_0$', unit=None, boundary=None)
12:35 bilby INFO    : supernova_mag_boost=Uniform(minimum=-5.0, maximum=5.0, name='supernova_mag_boost', latex_label='$\\rm{SNmag}$', unit=None, boundary=None)
12:35 bilby INFO    : Ebv=0.0
12:35 bilby INFO    : Analysis likelihood class: <class 'nmma.em.likelihood.OpticalLightCurve'>
12:35 bilby INFO    : Analysis likelihood noise evidence: 0.0
12:35 bilby INFO    : Single likelihood evaluation took 4.756e-03 s
12:35 bilby WARNING : Supplied argument 'queue_size' not an argument of 'Pymultinest', removing.
12:35 bilby WARNING : Supplied argument 'check_point_delta_t' not an argument of 'Pymultinest', removing.
12:35 bilby INFO    : Using sampler Pymultinest with kwargs {'importance_nested_sampling': False, 'resume': True, 'verbose': True, 'sampling_efficiency': 'parameter', 'n_live_points': 1024, 'n_params': 3, 'n_clustering_params': None, 'wrapped_params': None, 'multimodal': True, 'const_efficiency_mode': False, 'evidence_tolerance': 0.5, 'n_iter_before_update': 100, 'null_log_evidence': -1e+90, 'max_modes': 100, 'mode_tolerance': -1e+90, 'seed': 42, 'context': 0, 'write_output': True, 'log_zero': -1e+100, 'max_iter': 0, 'init_MPI': False, 'dump_callback': <bound method Pymultinest._dump_callback of <bilby.core.sampler.pymultinest.Pymultinest object at 0x155536bf76d0>>}
12:35 bilby INFO    : Using temporary file /tmp/tmpukgo4z4b
12:36 bilby INFO    : Overwriting model_recovery_timestep/lc_nugent-hyper_00000/nugent-hyper/pm_lc_nugent-hyper_00000_fit_nugent-hyper_tmax_09/ with /tmp/tmpukgo4z4b/
12:36 bilby INFO    : Overwriting model_recovery_timestep/lc_nugent-hyper_00000/nugent-hyper/pm_lc_nugent-hyper_00000_fit_nugent-hyper_tmax_09/ with /tmp/tmpukgo4z4b/
12:36 bilby INFO    : Overwriting model_recovery_timestep/lc_nugent-hyper_00000/nugent-hyper/pm_lc_nugent-hyper_00000_fit_nugent-hyper_tmax_09/ with /tmp/tmpukgo4z4b/
12:36 bilby INFO    : Overwriting model_recovery_timestep/lc_nugent-hyper_00000/nugent-hyper/pm_lc_nugent-hyper_00000_fit_nugent-hyper_tmax_09/ with /tmp/tmpukgo4z4b/
12:36 bilby INFO    : Overwriting model_recovery_timestep/lc_nugent-hyper_00000/nugent-hyper/pm_lc_nugent-hyper_00000_fit_nugent-hyper_tmax_09/ with /tmp/tmpukgo4z4b/
12:36 bilby INFO    : Overwriting model_recovery_timestep/lc_nugent-hyper_00000/nugent-hyper/pm_lc_nugent-hyper_00000_fit_nugent-hyper_tmax_09/ with /tmp/tmpukgo4z4b/
12:36 bilby INFO    : Overwriting model_recovery_timestep/lc_nugent-hyper_00000/nugent-hyper/pm_lc_nugent-hyper_00000_fit_nugent-hyper_tmax_09/ with /tmp/tmpukgo4z4b/
12:36 bilby INFO    : Sampling time: 0:00:59.052768
12:36 bilby INFO    : Summary of results:
nsamples: 3173
ln_noise_evidence:  0.000
ln_evidence: -19.940 +/-  0.051
ln_bayes_factor: -19.940 +/-  0.051

12:36 bilby INFO    : Writing samples file to /expanse/lustre/projects/umn131/tbarna/model_recovery_timestep/lc_nugent-hyper_00000/nugent-hyper/lc_nugent-hyper_00000_fit_nugent-hyper_tmax_09_posterior_samples.dat
