 MultiNest Warning: no resume file found, starting from scratch
 *****************************************************
 MultiNest v3.10
 Copyright Farhan Feroz & Mike Hobson
 Release Jul 2015

 no. of live points = 1024
 dimensionality =    6
 *****************************************************
 Starting MultiNest
 generating live points
 live points generated, starting sampling
Acceptance Rate:                        0.999070
Replacements:                               1074
Total Samples:                              1075
Nested Sampling ln(Z):              -1981.434595
Acceptance Rate:                        0.995571
Replacements:                               1124
Total Samples:                              1129
Nested Sampling ln(Z):              -1380.142025
Acceptance Rate:                        0.990717
Replacements:                               1174
Total Samples:                              1185
Nested Sampling ln(Z):              -1071.012303
Acceptance Rate:                        0.984714
Replacements:                               1224
Total Samples:                              1243
Nested Sampling ln(Z):               -861.347685
Acceptance Rate:                        0.974751
Replacements:                               1274
Total Samples:                              1307
Nested Sampling ln(Z):               -695.238694
Acceptance Rate:                        0.966423
Replacements:                               1324
Total Samples:                              1370
Nested Sampling ln(Z):               -560.456366
Acceptance Rate:                        0.953505
Replacements:                               1374
Total Samples:                              1441
Nested Sampling ln(Z):               -461.731559
Acceptance Rate:                        0.943046
Replacements:                               1424
Total Samples:                              1510
Nested Sampling ln(Z):               -390.757610
Acceptance Rate:                        0.928212
Replacements:                               1474
Total Samples:                              1588
Nested Sampling ln(Z):               -336.965029
Acceptance Rate:                        0.915865
Replacements:                               1524
Total Samples:                              1664
Nested Sampling ln(Z):               -296.151973
Acceptance Rate:                        0.905118
Replacements:                               1574
Total Samples:                              1739
Nested Sampling ln(Z):               -263.102107
Acceptance Rate:                        0.892308
Replacements:                               1624
Total Samples:                              1820
Nested Sampling ln(Z):               -238.631755
Acceptance Rate:                        0.884778
Replacements:                               1674
Total Samples:                              1892
Nested Sampling ln(Z):               -217.146881
Acceptance Rate:                        0.879592
Replacements:                               1724
Total Samples:                              1960
Nested Sampling ln(Z):               -194.050273
Acceptance Rate:                        0.871316
Replacements:                               1774
Total Samples:                              2036
Nested Sampling ln(Z):               -177.583127
Acceptance Rate:                        0.864045
Replacements:                               1824
Total Samples:                              2111
Nested Sampling ln(Z):               -162.196138
Acceptance Rate:                        0.857666
Replacements:                               1874
Total Samples:                              2185
Nested Sampling ln(Z):               -151.619762
Acceptance Rate:                        0.852081
Replacements:                               1924
Total Samples:                              2258
Nested Sampling ln(Z):               -141.634310
Acceptance Rate:                        0.845758
Replacements:                               1974
Total Samples:                              2334
Nested Sampling ln(Z):               -129.844056
Acceptance Rate:                        0.837402
Replacements:                               2024
Total Samples:                              2417
Nested Sampling ln(Z):               -120.495796
Acceptance Rate:                        0.825637
Replacements:                               2074
Total Samples:                              2512
Nested Sampling ln(Z):               -112.598130
Acceptance Rate:                        0.819128
Replacements:                               2124
Total Samples:                              2593
Nested Sampling ln(Z):               -104.574493
Acceptance Rate:                        0.814843
Replacements:                               2174
Total Samples:                              2668
Nested Sampling ln(Z):                -97.744866
Acceptance Rate:                        0.809316
Replacements:                               2224
Total Samples:                              2748
Nested Sampling ln(Z):                -90.987432
Acceptance Rate:                        0.799578
Replacements:                               2274
Total Samples:                              2844
Nested Sampling ln(Z):                -85.157965
Acceptance Rate:                        0.794802
Replacements:                               2324
Total Samples:                              2924
Nested Sampling ln(Z):                -80.789196
Acceptance Rate:                        0.781950
Replacements:                               2374
Total Samples:                              3036
Nested Sampling ln(Z):                -76.161131
Acceptance Rate:                        0.774936
Replacements:                               2424
Total Samples:                              3128
Nested Sampling ln(Z):                -71.764174
Acceptance Rate:                        0.769997
Replacements:                               2474
Total Samples:                              3213
Nested Sampling ln(Z):                -68.285487
Acceptance Rate:                        0.765080
Replacements:                               2524
Total Samples:                              3299
Nested Sampling ln(Z):                -65.373325
Acceptance Rate:                        0.759516
Replacements:                               2574
Total Samples:                              3389
Nested Sampling ln(Z):                -62.359817
Acceptance Rate:                        0.750572
Replacements:                               2624
Total Samples:                              3496
Nested Sampling ln(Z):                -59.968678
Acceptance Rate:                        0.745262
Replacements:                               2674
Total Samples:                              3588
Nested Sampling ln(Z):                -57.400950
Acceptance Rate:                        0.741023
Replacements:                               2724
Total Samples:                              3676
Nested Sampling ln(Z):                -54.749686
Acceptance Rate:                        0.735809
Replacements:                               2774
Total Samples:                              3770
Nested Sampling ln(Z):                -52.826496
Acceptance Rate:                        0.731417
Replacements:                               2824
Total Samples:                              3861
Nested Sampling ln(Z):                -51.092851
Acceptance Rate:                        0.726308
Replacements:                               2874
Total Samples:                              3957
Nested Sampling ln(Z):                -49.247582
Acceptance Rate:                        0.721797
Replacements:                               2924
Total Samples:                              4051
Nested Sampling ln(Z):                -47.705853
Acceptance Rate:                        0.717664
Replacements:                               2974
Total Samples:                              4144
Nested Sampling ln(Z):                -46.232736
Acceptance Rate:                        0.713039
Replacements:                               3024
Total Samples:                              4241
Nested Sampling ln(Z):                -44.692904
Acceptance Rate:                        0.707969
Replacements:                               3074
Total Samples:                              4342
Nested Sampling ln(Z):                -43.459871
Acceptance Rate:                        0.704874
Replacements:                               3124
Total Samples:                              4432
Nested Sampling ln(Z):                -42.388363
Acceptance Rate:                        0.699427
Replacements:                               3174
Total Samples:                              4538
Nested Sampling ln(Z):                -41.401296
Acceptance Rate:                        0.697684
Replacements:                               3224
Total Samples:                              4621
Nested Sampling ln(Z):                -40.394848
Acceptance Rate:                        0.693203
Replacements:                               3274
Total Samples:                              4723
Nested Sampling ln(Z):                -39.443201
Acceptance Rate:                        0.689198
Replacements:                               3324
Total Samples:                              4823
Nested Sampling ln(Z):                -38.449570
Acceptance Rate:                        0.687309
Replacements:                               3374
Total Samples:                              4909
Nested Sampling ln(Z):                -37.605983
Acceptance Rate:                        0.686447
Replacements:                               3424
Total Samples:                              4988
Nested Sampling ln(Z):                -36.897864
Acceptance Rate:                        0.682515
Replacements:                               3474
Total Samples:                              5090
Nested Sampling ln(Z):                -36.180135
Acceptance Rate:                        0.678867
Replacements:                               3524
Total Samples:                              5191
Nested Sampling ln(Z):                -35.474122
Acceptance Rate:                        0.674849
Replacements:                               3574
Total Samples:                              5296
Nested Sampling ln(Z):                -34.825181
Acceptance Rate:                        0.670614
Replacements:                               3624
Total Samples:                              5404
Nested Sampling ln(Z):                -34.240450
Acceptance Rate:                        0.665459
Replacements:                               3674
Total Samples:                              5521
Nested Sampling ln(Z):                -33.702821
Acceptance Rate:                        0.662751
Replacements:                               3724
Total Samples:                              5619
Nested Sampling ln(Z):                -33.196832
Acceptance Rate:                        0.659675
Replacements:                               3774
Total Samples:                              5721
Nested Sampling ln(Z):                -32.723057
Acceptance Rate:                        0.655356
Replacements:                               3824
Total Samples:                              5835
Nested Sampling ln(Z):                -32.279000
Acceptance Rate:                        0.653729
Replacements:                               3874
Total Samples:                              5926
Nested Sampling ln(Z):                -31.866635
Acceptance Rate:                        0.651611
Replacements:                               3924
Total Samples:                              6022
Nested Sampling ln(Z):                -31.459656
Acceptance Rate:                        0.648710
Replacements:                               3974
Total Samples:                              6126
Nested Sampling ln(Z):                -31.068179
Acceptance Rate:                        0.646737
Replacements:                               4024
Total Samples:                              6222
Nested Sampling ln(Z):                -30.687768
Acceptance Rate:                        0.644213
Replacements:                               4074
Total Samples:                              6324
Nested Sampling ln(Z):                -30.337583
Acceptance Rate:                        0.641269
Replacements:                               4124
Total Samples:                              6431
Nested Sampling ln(Z):                -30.013112
Acceptance Rate:                        0.637641
Replacements:                               4174
Total Samples:                              6546
Nested Sampling ln(Z):                -29.710028
Acceptance Rate:                        0.633758
Replacements:                               4224
Total Samples:                              6665
Nested Sampling ln(Z):                -29.421764
Acceptance Rate:                        0.632249
Replacements:                               4274
Total Samples:                              6760
Nested Sampling ln(Z):                -29.147184
Acceptance Rate:                        0.629220
Replacements:                               4324
Total Samples:                              6872
Nested Sampling ln(Z):                -28.878445
Acceptance Rate:                        0.626199
Replacements:                               4374
Total Samples:                              6985
Nested Sampling ln(Z):                -28.627974
Acceptance Rate:                        0.624065
Replacements:                               4424
Total Samples:                              7089
Nested Sampling ln(Z):                -28.376571
Acceptance Rate:                        0.622080
Replacements:                               4474
Total Samples:                              7192
Nested Sampling ln(Z):                -28.131087
Acceptance Rate:                        0.620746
Replacements:                               4524
Total Samples:                              7288
Nested Sampling ln(Z):                -27.889372
Acceptance Rate:                        0.616525
Replacements:                               4574
Total Samples:                              7419
Nested Sampling ln(Z):                -27.650860
Acceptance Rate:                        0.613588
Replacements:                               4624
Total Samples:                              7536
Nested Sampling ln(Z):                -27.416702
Acceptance Rate:                        0.611460
Replacements:                               4674
Total Samples:                              7644
Nested Sampling ln(Z):                -27.200502
Acceptance Rate:                        0.609313
Replacements:                               4724
Total Samples:                              7753
Nested Sampling ln(Z):                -26.989279
Acceptance Rate:                        0.607302
Replacements:                               4774
Total Samples:                              7861
Nested Sampling ln(Z):                -26.778980
Acceptance Rate:                        0.605270
Replacements:                               4824
Total Samples:                              7970
Nested Sampling ln(Z):                -26.574420
Acceptance Rate:                        0.602472
Replacements:                               4874
Total Samples:                              8090
Nested Sampling ln(Z):                -26.379853
Acceptance Rate:                        0.599100
Replacements:                               4924
Total Samples:                              8219
Nested Sampling ln(Z):                -26.192601
Acceptance Rate:                        0.596331
Replacements:                               4974
Total Samples:                              8341
Nested Sampling ln(Z):                -26.016143
Acceptance Rate:                        0.594134
Replacements:                               5024
Total Samples:                              8456
Nested Sampling ln(Z):                -25.845559
Acceptance Rate:                        0.592204
Replacements:                               5074
Total Samples:                              8568
Nested Sampling ln(Z):                -25.682125
Acceptance Rate:                        0.591140
Replacements:                               5124
Total Samples:                              8668
Nested Sampling ln(Z):                -25.528246
Acceptance Rate:                        0.588423
Replacements:                               5174
Total Samples:                              8793
Nested Sampling ln(Z):                -25.385593
Acceptance Rate:                        0.586769
Replacements:                               5224
Total Samples:                              8903
Nested Sampling ln(Z):                -25.249524
Acceptance Rate:                        0.585090
Replacements:                               5274
Total Samples:                              9014
Nested Sampling ln(Z):                -25.120884
Acceptance Rate:                        0.583069
Replacements:                               5324
Total Samples:                              9131
Nested Sampling ln(Z):                -24.993362
Acceptance Rate:                        0.580847
Replacements:                               5374
Total Samples:                              9252
Nested Sampling ln(Z):                -24.870416
Acceptance Rate:                        0.578190
Replacements:                               5424
Total Samples:                              9381
Nested Sampling ln(Z):                -24.753646
Acceptance Rate:                        0.577061
Replacements:                               5474
Total Samples:                              9486
Nested Sampling ln(Z):                -24.641715
Acceptance Rate:                        0.575297
Replacements:                               5524
Total Samples:                              9602
Nested Sampling ln(Z):                -24.535801
Acceptance Rate:                        0.573988
Replacements:                               5574
Total Samples:                              9711
Nested Sampling ln(Z):                -24.433915
Acceptance Rate:                        0.572010
Replacements:                               5624
Total Samples:                              9832
Nested Sampling ln(Z):                -24.335140
Acceptance Rate:                        0.567911
Replacements:                               5674
Total Samples:                              9991
Nested Sampling ln(Z):                -24.240504
Acceptance Rate:                        0.566284
Replacements:                               5724
Total Samples:                             10108
Nested Sampling ln(Z):                -24.150567
Acceptance Rate:                        0.563482
Replacements:                               5774
Total Samples:                             10247
Nested Sampling ln(Z):                -24.062924
Acceptance Rate:                        0.561295
Replacements:                               5824
Total Samples:                             10376
Nested Sampling ln(Z):                -23.977516
Acceptance Rate:                        0.559855
Replacements:                               5874
Total Samples:                             10492
Nested Sampling ln(Z):                -23.895787
Acceptance Rate:                        0.558394
Replacements:                               5924
Total Samples:                             10609
Nested Sampling ln(Z):                -23.818363
Acceptance Rate:                        0.558057
Replacements:                               5974
Total Samples:                             10705
Nested Sampling ln(Z):                -23.743685
Acceptance Rate:                        0.556592
Replacements:                               6024
Total Samples:                             10823
Nested Sampling ln(Z):                -23.672422
Acceptance Rate:                        0.556227
Replacements:                               6074
Total Samples:                             10920
Nested Sampling ln(Z):                -23.604435
Acceptance Rate:                        0.554610
Replacements:                               6124
Total Samples:                             11042
Nested Sampling ln(Z):                -23.539506
Acceptance Rate:                        0.552187
Replacements:                               6174
Total Samples:                             11181
Nested Sampling ln(Z):                -23.477528
Acceptance Rate:                        0.550553
Replacements:                               6224
Total Samples:                             11305
Nested Sampling ln(Z):                -23.418710
Acceptance Rate:                        0.548762
Replacements:                               6274
Total Samples:                             11433
Nested Sampling ln(Z):                -23.362280
Acceptance Rate:                        0.547390
Replacements:                               6324
Total Samples:                             11553
Nested Sampling ln(Z):                -23.308214
Acceptance Rate:                        0.545766
Replacements:                               6374
Total Samples:                             11679
Nested Sampling ln(Z):                -23.256273
Acceptance Rate:                        0.543992
Replacements:                               6424
Total Samples:                             11809
Nested Sampling ln(Z):                -23.206755
Acceptance Rate:                        0.542984
Replacements:                               6474
Total Samples:                             11923
Nested Sampling ln(Z):                -23.159658
Acceptance Rate:                        0.542041
Replacements:                               6524
Total Samples:                             12036
Nested Sampling ln(Z):                -23.115111
Acceptance Rate:                        0.539826
Replacements:                               6574
Total Samples:                             12178
Nested Sampling ln(Z):                -23.072672
Acceptance Rate:                        0.537401
Replacements:                               6624
Total Samples:                             12326
Nested Sampling ln(Z):                -23.032203
Acceptance Rate:                        0.536107
Replacements:                               6674
Total Samples:                             12449
Nested Sampling ln(Z):                -22.993511
Acceptance Rate:                        0.534032
Replacements:                               6724
Total Samples:                             12591
Nested Sampling ln(Z):                -22.956619
Acceptance Rate:                        0.532003
Replacements:                               6774
Total Samples:                             12733
Nested Sampling ln(Z):                -22.921361
Acceptance Rate:                        0.530225
Replacements:                               6824
Total Samples:                             12870
Nested Sampling ln(Z):                -22.887442
Acceptance Rate:                        0.528119
Replacements:                               6874
Total Samples:                             13016
Nested Sampling ln(Z):                -22.854789
Acceptance Rate:                        0.525940
Replacements:                               6924
Total Samples:                             13165
Nested Sampling ln(Z):                -22.823710
Acceptance Rate:                        0.524164
Replacements:                               6974
Total Samples:                             13305
Nested Sampling ln(Z):                -22.794062
Acceptance Rate:                        0.522425
Replacements:                               7024
Total Samples:                             13445
Nested Sampling ln(Z):                -22.765679
Acceptance Rate:                        0.520453
Replacements:                               7074
Total Samples:                             13592
Nested Sampling ln(Z):                -22.738580
Acceptance Rate:                        0.518486
Replacements:                               7124
Total Samples:                             13740
Nested Sampling ln(Z):                -22.712694
Acceptance Rate:                        0.516412
Replacements:                               7174
Total Samples:                             13892
Nested Sampling ln(Z):                -22.687829
Acceptance Rate:                        0.515889
Replacements:                               7224
Total Samples:                             14003
Nested Sampling ln(Z):                -22.663911
Acceptance Rate:                        0.512759
Replacements:                               7274
Total Samples:                             14186
Nested Sampling ln(Z):                -22.641015
Acceptance Rate:                        0.511096
Replacements:                               7324
Total Samples:                             14330
Nested Sampling ln(Z):                -22.619049
Acceptance Rate:                        0.509641
Replacements:                               7374
Total Samples:                             14469
Nested Sampling ln(Z):                -22.598020
Acceptance Rate:                        0.508667
Replacements:                               7424
Total Samples:                             14595
Nested Sampling ln(Z):                -22.577841
Acceptance Rate:                        0.507607
Replacements:                               7474
Total Samples:                             14724
Nested Sampling ln(Z):                -22.558422
Acceptance Rate:                        0.505102
Replacements:                               7524
Total Samples:                             14896
Nested Sampling ln(Z):                -22.539666
Acceptance Rate:                        0.503724
Replacements:                               7574
Total Samples:                             15036
Nested Sampling ln(Z):                -22.521626
Acceptance Rate:                        0.502936
Replacements:                               7624
Total Samples:                             15159
Nested Sampling ln(Z):                -22.504243
Acceptance Rate:                        0.501700
Replacements:                               7674
Total Samples:                             15296
Nested Sampling ln(Z):                -22.487443
Acceptance Rate:                        0.499774
Replacements:                               7724
Total Samples:                             15455
Nested Sampling ln(Z):                -22.471259
Acceptance Rate:                        0.498877
Replacements:                               7774
Total Samples:                             15583
Nested Sampling ln(Z):                -22.455763
Acceptance Rate:                        0.496478
Replacements:                               7824
Total Samples:                             15759
Nested Sampling ln(Z):                -22.440876
Acceptance Rate:                        0.495875
Replacements:                               7874
Total Samples:                             15879
Nested Sampling ln(Z):                -22.426608
Acceptance Rate:                        0.494323
Replacements:                               7924
Total Samples:                             16030
Nested Sampling ln(Z):                -22.412854
Acceptance Rate:                        0.492678
Replacements:                               7974
Total Samples:                             16185
Nested Sampling ln(Z):                -22.399603
Acceptance Rate:                        0.491396
Replacements:                               8024
Total Samples:                             16329
Nested Sampling ln(Z):                -22.386833
Acceptance Rate:                        0.488830
Replacements:                               8074
Total Samples:                             16517
Nested Sampling ln(Z):                -22.374544
Acceptance Rate:                        0.487957
Replacements:                               8124
Total Samples:                             16649
Nested Sampling ln(Z):                -22.362721
Acceptance Rate:                        0.487069
Replacements:                               8174
Total Samples:                             16782
Nested Sampling ln(Z):                -22.351318
Acceptance Rate:                        0.485966
Replacements:                               8224
Total Samples:                             16923
Nested Sampling ln(Z):                -22.340312
Acceptance Rate:                        0.485136
Replacements:                               8274
Total Samples:                             17055
Nested Sampling ln(Z):                -22.329662
Creating light curve model for inference
Running with filters ['ztfg', 'ztfr', 'sdssg', 'sdssi', 'sdssr']
Running with the following additional sampler_kwargs:
{}
  analysing data from /tmp/tmpqfms0hqy/.txt
Best fit parameters: {'luminosity_distance': 22.44677735773807, 'beta': 4.095494133171606, 'log10_kappa_r': 1.5386145482717044, 'timeshift': -1.0822458286675445, 'log10_vej': -1.9406049824201217, 'log10_mej': -0.8323813431010767, 'Ebv': 0.0, 'log_likelihood': -15.756062033924731, 'log_prior': -10.203592144986466}
Best fit index: 4147
Acceptance Rate:                        0.484969
Replacements:                               8324
Total Samples:                             17164
Nested Sampling ln(Z):                -22.319407
Acceptance Rate:                        0.482790
Replacements:                               8374
Total Samples:                             17345
Nested Sampling ln(Z):                -22.309531
Acceptance Rate:                        0.481564
Replacements:                               8424
Total Samples:                             17493
Nested Sampling ln(Z):                -22.299968
Acceptance Rate:                        0.481230
Replacements:                               8435
Total Samples:                             17528
Nested Sampling ln(Z):                -22.297905
 ln(ev)=  -22.058958064141841      +/-   6.5591599636613859E-002
 Total Likelihood Evaluations:        17528
 Sampling finished. Exiting MultiNest
