 MultiNest Warning: no resume file found, starting from scratch
 *****************************************************
 MultiNest v3.10
 Copyright Farhan Feroz & Mike Hobson
 Release Jul 2015

 no. of live points = 1024
 dimensionality =    6
 *****************************************************
 Starting MultiNest
 generating live points
 live points generated, starting sampling
Acceptance Rate:                        0.999070
Replacements:                               1074
Total Samples:                              1075
Nested Sampling ln(Z):              -3794.193668
Acceptance Rate:                        0.995571
Replacements:                               1124
Total Samples:                              1129
Nested Sampling ln(Z):              -2757.265054
Acceptance Rate:                        0.991554
Replacements:                               1174
Total Samples:                              1184
Nested Sampling ln(Z):              -2279.413699
Acceptance Rate:                        0.986301
Replacements:                               1224
Total Samples:                              1241
Nested Sampling ln(Z):              -1932.552772
Acceptance Rate:                        0.977744
Replacements:                               1274
Total Samples:                              1303
Nested Sampling ln(Z):              -1573.735049
Acceptance Rate:                        0.967836
Replacements:                               1324
Total Samples:                              1368
Nested Sampling ln(Z):              -1339.524139
Acceptance Rate:                        0.956159
Replacements:                               1374
Total Samples:                              1437
Nested Sampling ln(Z):              -1182.450513
Acceptance Rate:                        0.943046
Replacements:                               1424
Total Samples:                              1510
Nested Sampling ln(Z):              -1048.669215
Acceptance Rate:                        0.930556
Replacements:                               1474
Total Samples:                              1584
Nested Sampling ln(Z):               -919.679032
Acceptance Rate:                        0.919180
Replacements:                               1524
Total Samples:                              1658
Nested Sampling ln(Z):               -799.812867
Acceptance Rate:                        0.907728
Replacements:                               1574
Total Samples:                              1734
Nested Sampling ln(Z):               -703.456731
Acceptance Rate:                        0.895259
Replacements:                               1624
Total Samples:                              1814
Nested Sampling ln(Z):               -633.907469
Acceptance Rate:                        0.888535
Replacements:                               1674
Total Samples:                              1884
Nested Sampling ln(Z):               -547.582917
Acceptance Rate:                        0.885920
Replacements:                               1724
Total Samples:                              1946
Nested Sampling ln(Z):               -488.402358
Acceptance Rate:                        0.879960
Replacements:                               1774
Total Samples:                              2016
Nested Sampling ln(Z):               -413.312372
Acceptance Rate:                        0.873982
Replacements:                               1824
Total Samples:                              2087
Nested Sampling ln(Z):               -374.438461
Acceptance Rate:                        0.862799
Replacements:                               1874
Total Samples:                              2172
Nested Sampling ln(Z):               -331.217633
Acceptance Rate:                        0.857398
Replacements:                               1924
Total Samples:                              2244
Nested Sampling ln(Z):               -302.094689
Acceptance Rate:                        0.847938
Replacements:                               1974
Total Samples:                              2328
Nested Sampling ln(Z):               -279.666932
Acceptance Rate:                        0.842631
Replacements:                               2024
Total Samples:                              2402
Nested Sampling ln(Z):               -254.094553
Acceptance Rate:                        0.838658
Replacements:                               2074
Total Samples:                              2473
Nested Sampling ln(Z):               -239.168678
Acceptance Rate:                        0.833595
Replacements:                               2124
Total Samples:                              2548
Nested Sampling ln(Z):               -225.269745
Acceptance Rate:                        0.832631
Replacements:                               2174
Total Samples:                              2611
Nested Sampling ln(Z):               -204.832220
Acceptance Rate:                        0.826766
Replacements:                               2224
Total Samples:                              2690
Nested Sampling ln(Z):               -189.397922
Acceptance Rate:                        0.819459
Replacements:                               2274
Total Samples:                              2775
Nested Sampling ln(Z):               -176.909074
Acceptance Rate:                        0.814296
Replacements:                               2324
Total Samples:                              2854
Nested Sampling ln(Z):               -165.647049
Acceptance Rate:                        0.803384
Replacements:                               2374
Total Samples:                              2955
Nested Sampling ln(Z):               -156.641204
Acceptance Rate:                        0.797368
Replacements:                               2424
Total Samples:                              3040
Nested Sampling ln(Z):               -148.712329
Acceptance Rate:                        0.791427
Replacements:                               2474
Total Samples:                              3126
Nested Sampling ln(Z):               -140.315356
Acceptance Rate:                        0.786293
Replacements:                               2524
Total Samples:                              3210
Nested Sampling ln(Z):               -133.753617
Acceptance Rate:                        0.781421
Replacements:                               2574
Total Samples:                              3294
Nested Sampling ln(Z):               -125.935626
Acceptance Rate:                        0.775643
Replacements:                               2624
Total Samples:                              3383
Nested Sampling ln(Z):               -119.119960
Acceptance Rate:                        0.771050
Replacements:                               2674
Total Samples:                              3468
Nested Sampling ln(Z):               -113.482405
Acceptance Rate:                        0.765814
Replacements:                               2724
Total Samples:                              3557
Nested Sampling ln(Z):               -106.841296
Acceptance Rate:                        0.759168
Replacements:                               2774
Total Samples:                              3654
Nested Sampling ln(Z):               -102.073873
Acceptance Rate:                        0.753670
Replacements:                               2824
Total Samples:                              3747
Nested Sampling ln(Z):                -98.016927
Acceptance Rate:                        0.747659
Replacements:                               2874
Total Samples:                              3844
Nested Sampling ln(Z):                -94.188626
Acceptance Rate:                        0.741755
Replacements:                               2924
Total Samples:                              3942
Nested Sampling ln(Z):                -90.611970
Acceptance Rate:                        0.738148
Replacements:                               2974
Total Samples:                              4029
Nested Sampling ln(Z):                -87.598362
Acceptance Rate:                        0.734515
Replacements:                               3024
Total Samples:                              4117
Nested Sampling ln(Z):                -84.916328
Acceptance Rate:                        0.729473
Replacements:                               3074
Total Samples:                              4214
Nested Sampling ln(Z):                -82.334863
Acceptance Rate:                        0.722479
Replacements:                               3124
Total Samples:                              4324
Nested Sampling ln(Z):                -79.667194
Acceptance Rate:                        0.719239
Replacements:                               3174
Total Samples:                              4413
Nested Sampling ln(Z):                -77.300901
Acceptance Rate:                        0.717720
Replacements:                               3224
Total Samples:                              4492
Nested Sampling ln(Z):                -75.054564
Acceptance Rate:                        0.714379
Replacements:                               3274
Total Samples:                              4583
Nested Sampling ln(Z):                -72.926930
Acceptance Rate:                        0.711625
Replacements:                               3324
Total Samples:                              4671
Nested Sampling ln(Z):                -70.537690
Acceptance Rate:                        0.709867
Replacements:                               3374
Total Samples:                              4753
Nested Sampling ln(Z):                -68.684250
Acceptance Rate:                        0.705252
Replacements:                               3424
Total Samples:                              4855
Nested Sampling ln(Z):                -67.146584
Acceptance Rate:                        0.703809
Replacements:                               3474
Total Samples:                              4936
Nested Sampling ln(Z):                -65.553868
Acceptance Rate:                        0.699484
Replacements:                               3524
Total Samples:                              5038
Nested Sampling ln(Z):                -64.019755
Acceptance Rate:                        0.696958
Replacements:                               3574
Total Samples:                              5128
Nested Sampling ln(Z):                -62.463306
Acceptance Rate:                        0.695052
Replacements:                               3624
Total Samples:                              5214
Nested Sampling ln(Z):                -61.015162
Acceptance Rate:                        0.694124
Replacements:                               3674
Total Samples:                              5293
Nested Sampling ln(Z):                -59.428088
Acceptance Rate:                        0.689119
Replacements:                               3724
Total Samples:                              5404
Nested Sampling ln(Z):                -58.006043
Acceptance Rate:                        0.686681
Replacements:                               3774
Total Samples:                              5496
Nested Sampling ln(Z):                -56.793910
Acceptance Rate:                        0.682979
Replacements:                               3824
Total Samples:                              5599
Nested Sampling ln(Z):                -55.709494
Acceptance Rate:                        0.680126
Replacements:                               3874
Total Samples:                              5696
Nested Sampling ln(Z):                -54.730269
Acceptance Rate:                        0.678072
Replacements:                               3924
Total Samples:                              5787
Nested Sampling ln(Z):                -53.784766
Acceptance Rate:                        0.674474
Replacements:                               3974
Total Samples:                              5892
Nested Sampling ln(Z):                -52.770512
Acceptance Rate:                        0.669997
Replacements:                               4024
Total Samples:                              6006
Nested Sampling ln(Z):                -51.730081
Acceptance Rate:                        0.666013
Replacements:                               4074
Total Samples:                              6117
Nested Sampling ln(Z):                -50.784009
Acceptance Rate:                        0.661321
Replacements:                               4124
Total Samples:                              6236
Nested Sampling ln(Z):                -49.894733
Acceptance Rate:                        0.658256
Replacements:                               4174
Total Samples:                              6341
Nested Sampling ln(Z):                -49.077465
Acceptance Rate:                        0.654174
Replacements:                               4224
Total Samples:                              6457
Nested Sampling ln(Z):                -48.355434
Acceptance Rate:                        0.650632
Replacements:                               4274
Total Samples:                              6569
Nested Sampling ln(Z):                -47.721716
Acceptance Rate:                        0.648373
Replacements:                               4324
Total Samples:                              6669
Nested Sampling ln(Z):                -47.104955
Acceptance Rate:                        0.644657
Replacements:                               4374
Total Samples:                              6785
Nested Sampling ln(Z):                -46.514463
Acceptance Rate:                        0.643117
Replacements:                               4424
Total Samples:                              6879
Nested Sampling ln(Z):                -45.929553
Acceptance Rate:                        0.639052
Replacements:                               4474
Total Samples:                              7001
Nested Sampling ln(Z):                -45.359412
Acceptance Rate:                        0.635215
Replacements:                               4524
Total Samples:                              7122
Nested Sampling ln(Z):                -44.811220
Acceptance Rate:                        0.634397
Replacements:                               4574
Total Samples:                              7210
Nested Sampling ln(Z):                -44.308440
Acceptance Rate:                        0.629715
Replacements:                               4624
Total Samples:                              7343
Nested Sampling ln(Z):                -43.811779
Acceptance Rate:                        0.626794
Replacements:                               4674
Total Samples:                              7457
Nested Sampling ln(Z):                -43.355396
Acceptance Rate:                        0.624125
Replacements:                               4724
Total Samples:                              7569
Nested Sampling ln(Z):                -42.911949
Acceptance Rate:                        0.621857
Replacements:                               4774
Total Samples:                              7677
Nested Sampling ln(Z):                -42.464537
Acceptance Rate:                        0.619812
Replacements:                               4824
Total Samples:                              7783
Nested Sampling ln(Z):                -42.004042
Acceptance Rate:                        0.617509
Replacements:                               4874
Total Samples:                              7893
Nested Sampling ln(Z):                -41.591342
Acceptance Rate:                        0.613965
Replacements:                               4924
Total Samples:                              8020
Nested Sampling ln(Z):                -41.196980
Acceptance Rate:                        0.612712
Replacements:                               4974
Total Samples:                              8118
Nested Sampling ln(Z):                -40.838946
Acceptance Rate:                        0.611490
Replacements:                               5024
Total Samples:                              8216
Nested Sampling ln(Z):                -40.488731
Acceptance Rate:                        0.609124
Replacements:                               5074
Total Samples:                              8330
Nested Sampling ln(Z):                -40.151477
Acceptance Rate:                        0.606391
Replacements:                               5124
Total Samples:                              8450
Nested Sampling ln(Z):                -39.836999
Acceptance Rate:                        0.602539
Replacements:                               5174
Total Samples:                              8587
Nested Sampling ln(Z):                -39.539969
Acceptance Rate:                        0.600874
Replacements:                               5224
Total Samples:                              8694
Nested Sampling ln(Z):                -39.239987
Acceptance Rate:                        0.599182
Replacements:                               5274
Total Samples:                              8802
Nested Sampling ln(Z):                -38.946347
Acceptance Rate:                        0.596928
Replacements:                               5324
Total Samples:                              8919
Nested Sampling ln(Z):                -38.654280
Acceptance Rate:                        0.595655
Replacements:                               5374
Total Samples:                              9022
Nested Sampling ln(Z):                -38.383422
Acceptance Rate:                        0.594151
Replacements:                               5424
Total Samples:                              9129
Nested Sampling ln(Z):                -38.120092
Acceptance Rate:                        0.591209
Replacements:                               5474
Total Samples:                              9259
Nested Sampling ln(Z):                -37.869243
Acceptance Rate:                        0.589604
Replacements:                               5524
Total Samples:                              9369
Nested Sampling ln(Z):                -37.628615
Acceptance Rate:                        0.587541
Replacements:                               5574
Total Samples:                              9487
Nested Sampling ln(Z):                -37.408021
Acceptance Rate:                        0.585224
Replacements:                               5624
Total Samples:                              9610
Nested Sampling ln(Z):                -37.197645
Acceptance Rate:                        0.583205
Replacements:                               5674
Total Samples:                              9729
Nested Sampling ln(Z):                -36.998973
Acceptance Rate:                        0.582181
Replacements:                               5724
Total Samples:                              9832
Nested Sampling ln(Z):                -36.806401
Acceptance Rate:                        0.580593
Replacements:                               5774
Total Samples:                              9945
Nested Sampling ln(Z):                -36.619372
Acceptance Rate:                        0.578179
Replacements:                               5824
Total Samples:                             10073
Nested Sampling ln(Z):                -36.444366
Acceptance Rate:                        0.576730
Replacements:                               5874
Total Samples:                             10185
Nested Sampling ln(Z):                -36.278105
Acceptance Rate:                        0.575649
Replacements:                               5924
Total Samples:                             10291
Nested Sampling ln(Z):                -36.120471
Acceptance Rate:                        0.574037
Replacements:                               5974
Total Samples:                             10407
Nested Sampling ln(Z):                -35.966920
Acceptance Rate:                        0.572624
Replacements:                               6024
Total Samples:                             10520
Nested Sampling ln(Z):                -35.821270
Acceptance Rate:                        0.570704
Replacements:                               6074
Total Samples:                             10643
Nested Sampling ln(Z):                -35.680524
Acceptance Rate:                        0.570258
Replacements:                               6124
Total Samples:                             10739
Nested Sampling ln(Z):                -35.545573
Acceptance Rate:                        0.568770
Replacements:                               6174
Total Samples:                             10855
Nested Sampling ln(Z):                -35.416958
Acceptance Rate:                        0.566385
Replacements:                               6224
Total Samples:                             10989
Nested Sampling ln(Z):                -35.293038
Acceptance Rate:                        0.563297
Replacements:                               6274
Total Samples:                             11138
Nested Sampling ln(Z):                -35.174236
Acceptance Rate:                        0.561983
Replacements:                               6324
Total Samples:                             11253
Nested Sampling ln(Z):                -35.060410
Acceptance Rate:                        0.559663
Replacements:                               6374
Total Samples:                             11389
Nested Sampling ln(Z):                -34.950783
Acceptance Rate:                        0.556142
Replacements:                               6424
Total Samples:                             11551
Nested Sampling ln(Z):                -34.846212
Acceptance Rate:                        0.553617
Replacements:                               6474
Total Samples:                             11694
Nested Sampling ln(Z):                -34.747699
Acceptance Rate:                        0.551060
Replacements:                               6524
Total Samples:                             11839
Nested Sampling ln(Z):                -34.654144
Acceptance Rate:                        0.549160
Replacements:                               6574
Total Samples:                             11971
Nested Sampling ln(Z):                -34.564171
Acceptance Rate:                        0.548072
Replacements:                               6624
Total Samples:                             12086
Nested Sampling ln(Z):                -34.477663
Acceptance Rate:                        0.546422
Replacements:                               6674
Total Samples:                             12214
Nested Sampling ln(Z):                -34.394176
Acceptance Rate:                        0.545027
Replacements:                               6724
Total Samples:                             12337
Nested Sampling ln(Z):                -34.312195
Acceptance Rate:                        0.543747
Replacements:                               6774
Total Samples:                             12458
Nested Sampling ln(Z):                -34.234252
Acceptance Rate:                        0.542147
Replacements:                               6824
Total Samples:                             12587
Nested Sampling ln(Z):                -34.159918
Acceptance Rate:                        0.539857
Replacements:                               6874
Total Samples:                             12733
Nested Sampling ln(Z):                -34.088676
Acceptance Rate:                        0.538791
Replacements:                               6924
Total Samples:                             12851
Nested Sampling ln(Z):                -34.019907
Acceptance Rate:                        0.538076
Replacements:                               6974
Total Samples:                             12961
Nested Sampling ln(Z):                -33.952856
Acceptance Rate:                        0.536880
Replacements:                               7024
Total Samples:                             13083
Nested Sampling ln(Z):                -33.888303
Acceptance Rate:                        0.536519
Replacements:                               7074
Total Samples:                             13185
Nested Sampling ln(Z):                -33.826595
Acceptance Rate:                        0.534795
Replacements:                               7124
Total Samples:                             13321
Nested Sampling ln(Z):                -33.767407
Acceptance Rate:                        0.532987
Replacements:                               7174
Total Samples:                             13460
Nested Sampling ln(Z):                -33.710491
Acceptance Rate:                        0.531294
Replacements:                               7224
Total Samples:                             13597
Nested Sampling ln(Z):                -33.656270
Acceptance Rate:                        0.529827
Replacements:                               7274
Total Samples:                             13729
Nested Sampling ln(Z):                -33.604919
Acceptance Rate:                        0.528237
Replacements:                               7324
Total Samples:                             13865
Nested Sampling ln(Z):                -33.555075
Acceptance Rate:                        0.526865
Replacements:                               7374
Total Samples:                             13996
Nested Sampling ln(Z):                -33.506912
Acceptance Rate:                        0.525742
Replacements:                               7424
Total Samples:                             14121
Nested Sampling ln(Z):                -33.460133
Acceptance Rate:                        0.524565
Replacements:                               7474
Total Samples:                             14248
Nested Sampling ln(Z):                -33.415019
Acceptance Rate:                        0.523518
Replacements:                               7524
Total Samples:                             14372
Nested Sampling ln(Z):                -33.371652
Acceptance Rate:                        0.522165
Replacements:                               7574
Total Samples:                             14505
Nested Sampling ln(Z):                -33.330296
Acceptance Rate:                        0.521192
Replacements:                               7624
Total Samples:                             14628
Nested Sampling ln(Z):                -33.290523
Acceptance Rate:                        0.520589
Replacements:                               7674
Total Samples:                             14741
Nested Sampling ln(Z):                -33.251849
Acceptance Rate:                        0.519575
Replacements:                               7724
Total Samples:                             14866
Nested Sampling ln(Z):                -33.214349
Acceptance Rate:                        0.517887
Replacements:                               7774
Total Samples:                             15011
Nested Sampling ln(Z):                -33.178202
Acceptance Rate:                        0.517084
Replacements:                               7824
Total Samples:                             15131
Nested Sampling ln(Z):                -33.143676
Acceptance Rate:                        0.515415
Replacements:                               7874
Total Samples:                             15277
Nested Sampling ln(Z):                -33.110543
Acceptance Rate:                        0.513978
Replacements:                               7924
Total Samples:                             15417
Nested Sampling ln(Z):                -33.078652
Acceptance Rate:                        0.512633
Replacements:                               7974
Total Samples:                             15555
Nested Sampling ln(Z):                -33.047942
Acceptance Rate:                        0.511050
Replacements:                               8024
Total Samples:                             15701
Nested Sampling ln(Z):                -33.018291
Acceptance Rate:                        0.510011
Replacements:                               8075
Total Samples:                             15833
Nested Sampling ln(Z):                -32.989198
Acceptance Rate:                        0.507638
Replacements:                               8175
Total Samples:                             16104
Nested Sampling ln(Z):                -32.934626
Acceptance Rate:                        0.505900
Replacements:                               8275
Total Samples:                             16357
Nested Sampling ln(Z):                -32.882875
Acceptance Rate:                        0.503699
Replacements:                               8375
Total Samples:                             16627
Nested Sampling ln(Z):                -32.831969
Acceptance Rate:                        0.502729
Replacements:                               8475
Total Samples:                             16858
Nested Sampling ln(Z):                -32.783619
Acceptance Rate:                        0.499621
Replacements:                               8575
Total Samples:                             17163
Nested Sampling ln(Z):                -32.737788
Acceptance Rate:                        0.496935
Replacements:                               8675
Total Samples:                             17457
Nested Sampling ln(Z):                -32.693912
Acceptance Rate:                        0.493647
Replacements:                               8781
Total Samples:                             17788
Nested Sampling ln(Z):                -32.649223
Acceptance Rate:                        0.488273
Replacements:                               8931
Total Samples:                             18291
Nested Sampling ln(Z):                -32.587934
Acceptance Rate:                        0.484165
Replacements:                               9081
Total Samples:                             18756
Nested Sampling ln(Z):                -32.531998
Acceptance Rate:                        0.481557
Replacements:                               9204
Total Samples:                             19113
Nested Sampling ln(Z):                -32.487239
Acceptance Rate:                        0.478650
Replacements:                               9304
Total Samples:                             19438
Nested Sampling ln(Z):                -32.448475
Acceptance Rate:                        0.475887
Replacements:                               9404
Total Samples:                             19761
Nested Sampling ln(Z):                -32.411202
Acceptance Rate:                        0.473850
Replacements:                               9504
Total Samples:                             20057
Nested Sampling ln(Z):                -32.374891
Acceptance Rate:                        0.470761
Replacements:                               9604
Total Samples:                             20401
Nested Sampling ln(Z):                -32.340434
Acceptance Rate:                        0.467640
Replacements:                               9704
Total Samples:                             20751
Nested Sampling ln(Z):                -32.308304
Acceptance Rate:                        0.465660
Replacements:                               9804
Total Samples:                             21054
Nested Sampling ln(Z):                -32.278015
Acceptance Rate:                        0.463215
Replacements:                               9904
Total Samples:                             21381
Nested Sampling ln(Z):                -32.250350
Acceptance Rate:                        0.460589
Replacements:                               9998
Total Samples:                             21707
Nested Sampling ln(Z):                -32.226764
Acceptance Rate:                        0.459989
Replacements:                              10048
Total Samples:                             21844
Nested Sampling ln(Z):                -32.219395
Acceptance Rate:                        0.459042
Replacements:                              10098
Total Samples:                             21998
Nested Sampling ln(Z):                -32.212318
Acceptance Rate:                        0.458397
Replacements:                              10148
Total Samples:                             22138
Nested Sampling ln(Z):                -32.205548
Acceptance Rate:                        0.457761
Replacements:                              10198
Total Samples:                             22278
Nested Sampling ln(Z):                -32.199078
Acceptance Rate:                        0.456746
Replacements:                              10248
Total Samples:                             22437
Nested Sampling ln(Z):                -32.192811
Acceptance Rate:                        0.456431
Replacements:                              10298
Total Samples:                             22562
Nested Sampling ln(Z):                -32.186796
Acceptance Rate:                        0.456000
Replacements:                              10348
Total Samples:                             22693
Nested Sampling ln(Z):                -32.181026
Creating light curve model for inference
Running with filters ['ztfg', 'ztfr', 'sdssg', 'sdssi', 'sdssr']
Running with the following additional sampler_kwargs:
{}
  analysing data from /tmp/tmpmx1aywz2/.txt
Best fit parameters: {'luminosity_distance': 26.45882179865424, 'beta': 1.846249990786008, 'log10_kappa_r': -0.2877953813736604, 'timeshift': -1.85798237058195, 'log10_vej': -1.9596687295466435, 'log10_mej': -0.5647882452631956, 'Ebv': 0.0, 'log_likelihood': -22.50475695922172, 'log_prior': -10.203592144986466}
Best fit index: 4924
Acceptance Rate:                        0.455493
Replacements:                              10398
Total Samples:                             22828
Nested Sampling ln(Z):                -32.175525
Acceptance Rate:                        0.455112
Replacements:                              10448
Total Samples:                             22957
Nested Sampling ln(Z):                -32.170252
Acceptance Rate:                        0.454853
Replacements:                              10498
Total Samples:                             23080
Nested Sampling ln(Z):                -32.165196
Acceptance Rate:                        0.453990
Replacements:                              10548
Total Samples:                             23234
Nested Sampling ln(Z):                -32.160396
Acceptance Rate:                        0.453293
Replacements:                              10598
Total Samples:                             23380
Nested Sampling ln(Z):                -32.155824
Acceptance Rate:                        0.452722
Replacements:                              10629
Total Samples:                             23478
Nested Sampling ln(Z):                -32.153086
 ln(ev)=  -31.946093786757306      +/-   7.6484085978924463E-002
 Total Likelihood Evaluations:        23478
 Sampling finished. Exiting MultiNest
