 MultiNest Warning: no resume file found, starting from scratch
 *****************************************************
 MultiNest v3.10
 Copyright Farhan Feroz & Mike Hobson
 Release Jul 2015

 no. of live points = 1024
 dimensionality =    6
 *****************************************************
 Starting MultiNest
 generating live points
 live points generated, starting sampling
Acceptance Rate:                        0.999070
Replacements:                               1074
Total Samples:                              1075
Nested Sampling ln(Z):              -1921.724239
Acceptance Rate:                        0.996454
Replacements:                               1124
Total Samples:                              1128
Nested Sampling ln(Z):              -1400.890176
Acceptance Rate:                        0.991554
Replacements:                               1174
Total Samples:                              1184
Nested Sampling ln(Z):              -1137.886016
Acceptance Rate:                        0.985507
Replacements:                               1224
Total Samples:                              1242
Nested Sampling ln(Z):               -924.002095
Acceptance Rate:                        0.976994
Replacements:                               1274
Total Samples:                              1304
Nested Sampling ln(Z):               -760.552150
Acceptance Rate:                        0.962909
Replacements:                               1324
Total Samples:                              1375
Nested Sampling ln(Z):               -629.408926
Acceptance Rate:                        0.952183
Replacements:                               1374
Total Samples:                              1443
Nested Sampling ln(Z):               -527.129613
Acceptance Rate:                        0.941176
Replacements:                               1424
Total Samples:                              1513
Nested Sampling ln(Z):               -459.336648
Acceptance Rate:                        0.925879
Replacements:                               1474
Total Samples:                              1592
Nested Sampling ln(Z):               -399.334755
Acceptance Rate:                        0.915865
Replacements:                               1524
Total Samples:                              1664
Nested Sampling ln(Z):               -347.976413
Acceptance Rate:                        0.905118
Replacements:                               1574
Total Samples:                              1739
Nested Sampling ln(Z):               -312.854949
Acceptance Rate:                        0.893289
Replacements:                               1624
Total Samples:                              1818
Nested Sampling ln(Z):               -280.249073
Acceptance Rate:                        0.882446
Replacements:                               1674
Total Samples:                              1897
Nested Sampling ln(Z):               -247.402743
Acceptance Rate:                        0.867203
Replacements:                               1724
Total Samples:                              1988
Nested Sampling ln(Z):               -225.382220
Acceptance Rate:                        0.854528
Replacements:                               1774
Total Samples:                              2076
Nested Sampling ln(Z):               -206.523540
Acceptance Rate:                        0.849162
Replacements:                               1824
Total Samples:                              2148
Nested Sampling ln(Z):               -188.782089
Acceptance Rate:                        0.844144
Replacements:                               1874
Total Samples:                              2220
Nested Sampling ln(Z):               -173.285856
Acceptance Rate:                        0.838344
Replacements:                               1924
Total Samples:                              2295
Nested Sampling ln(Z):               -158.157868
Acceptance Rate:                        0.831858
Replacements:                               1974
Total Samples:                              2373
Nested Sampling ln(Z):               -148.299552
Acceptance Rate:                        0.825112
Replacements:                               2024
Total Samples:                              2453
Nested Sampling ln(Z):               -139.493403
Acceptance Rate:                        0.820411
Replacements:                               2074
Total Samples:                              2528
Nested Sampling ln(Z):               -129.539135
Acceptance Rate:                        0.815042
Replacements:                               2124
Total Samples:                              2606
Nested Sampling ln(Z):               -118.961112
Acceptance Rate:                        0.809081
Replacements:                               2174
Total Samples:                              2687
Nested Sampling ln(Z):               -112.859163
Acceptance Rate:                        0.804340
Replacements:                               2224
Total Samples:                              2765
Nested Sampling ln(Z):               -106.124269
Acceptance Rate:                        0.801268
Replacements:                               2274
Total Samples:                              2838
Nested Sampling ln(Z):               -100.065854
Acceptance Rate:                        0.793174
Replacements:                               2324
Total Samples:                              2930
Nested Sampling ln(Z):                -93.718249
Acceptance Rate:                        0.789754
Replacements:                               2374
Total Samples:                              3006
Nested Sampling ln(Z):                -87.095171
Acceptance Rate:                        0.785483
Replacements:                               2424
Total Samples:                              3086
Nested Sampling ln(Z):                -82.093211
Acceptance Rate:                        0.780688
Replacements:                               2474
Total Samples:                              3169
Nested Sampling ln(Z):                -78.973725
Acceptance Rate:                        0.773996
Replacements:                               2524
Total Samples:                              3261
Nested Sampling ln(Z):                -74.230384
Acceptance Rate:                        0.773205
Replacements:                               2574
Total Samples:                              3329
Nested Sampling ln(Z):                -70.604146
Acceptance Rate:                        0.768600
Replacements:                               2624
Total Samples:                              3414
Nested Sampling ln(Z):                -67.796787
Acceptance Rate:                        0.764000
Replacements:                               2674
Total Samples:                              3500
Nested Sampling ln(Z):                -65.062175
Acceptance Rate:                        0.761106
Replacements:                               2724
Total Samples:                              3579
Nested Sampling ln(Z):                -62.709542
Acceptance Rate:                        0.757096
Replacements:                               2774
Total Samples:                              3664
Nested Sampling ln(Z):                -59.818637
Acceptance Rate:                        0.754677
Replacements:                               2824
Total Samples:                              3742
Nested Sampling ln(Z):                -57.521887
Acceptance Rate:                        0.749218
Replacements:                               2874
Total Samples:                              3836
Nested Sampling ln(Z):                -55.307412
Acceptance Rate:                        0.744399
Replacements:                               2924
Total Samples:                              3928
Nested Sampling ln(Z):                -53.225332
Acceptance Rate:                        0.740353
Replacements:                               2974
Total Samples:                              4017
Nested Sampling ln(Z):                -51.415152
Acceptance Rate:                        0.736483
Replacements:                               3024
Total Samples:                              4106
Nested Sampling ln(Z):                -49.772161
Acceptance Rate:                        0.731382
Replacements:                               3074
Total Samples:                              4203
Nested Sampling ln(Z):                -47.809353
Acceptance Rate:                        0.727866
Replacements:                               3124
Total Samples:                              4292
Nested Sampling ln(Z):                -46.264392
Acceptance Rate:                        0.723831
Replacements:                               3174
Total Samples:                              4385
Nested Sampling ln(Z):                -44.807114
Acceptance Rate:                        0.719482
Replacements:                               3224
Total Samples:                              4481
Nested Sampling ln(Z):                -43.540136
Acceptance Rate:                        0.717510
Replacements:                               3274
Total Samples:                              4563
Nested Sampling ln(Z):                -42.364053
Acceptance Rate:                        0.711168
Replacements:                               3324
Total Samples:                              4674
Nested Sampling ln(Z):                -41.339897
Acceptance Rate:                        0.706893
Replacements:                               3374
Total Samples:                              4773
Nested Sampling ln(Z):                -40.410679
Acceptance Rate:                        0.701208
Replacements:                               3424
Total Samples:                              4883
Nested Sampling ln(Z):                -39.597180
Acceptance Rate:                        0.698713
Replacements:                               3474
Total Samples:                              4972
Nested Sampling ln(Z):                -38.860260
Acceptance Rate:                        0.693837
Replacements:                               3524
Total Samples:                              5079
Nested Sampling ln(Z):                -38.133766
Acceptance Rate:                        0.688499
Replacements:                               3574
Total Samples:                              5191
Nested Sampling ln(Z):                -37.458372
Acceptance Rate:                        0.684419
Replacements:                               3624
Total Samples:                              5295
Nested Sampling ln(Z):                -36.826776
Acceptance Rate:                        0.683789
Replacements:                               3674
Total Samples:                              5373
Nested Sampling ln(Z):                -36.257196
Acceptance Rate:                        0.680431
Replacements:                               3724
Total Samples:                              5473
Nested Sampling ln(Z):                -35.707955
Acceptance Rate:                        0.677072
Replacements:                               3774
Total Samples:                              5574
Nested Sampling ln(Z):                -35.139126
Acceptance Rate:                        0.672293
Replacements:                               3824
Total Samples:                              5688
Nested Sampling ln(Z):                -34.621152
Acceptance Rate:                        0.669663
Replacements:                               3874
Total Samples:                              5785
Nested Sampling ln(Z):                -34.049158
Acceptance Rate:                        0.667460
Replacements:                               3924
Total Samples:                              5879
Nested Sampling ln(Z):                -33.525594
Acceptance Rate:                        0.663328
Replacements:                               3974
Total Samples:                              5991
Nested Sampling ln(Z):                -33.008379
Acceptance Rate:                        0.660972
Replacements:                               4024
Total Samples:                              6088
Nested Sampling ln(Z):                -32.524934
Acceptance Rate:                        0.658265
Replacements:                               4074
Total Samples:                              6189
Nested Sampling ln(Z):                -32.039509
Acceptance Rate:                        0.657316
Replacements:                               4124
Total Samples:                              6274
Nested Sampling ln(Z):                -31.612251
Acceptance Rate:                        0.655465
Replacements:                               4174
Total Samples:                              6368
Nested Sampling ln(Z):                -31.217785
Acceptance Rate:                        0.654681
Replacements:                               4224
Total Samples:                              6452
Nested Sampling ln(Z):                -30.830718
Acceptance Rate:                        0.651524
Replacements:                               4274
Total Samples:                              6560
Nested Sampling ln(Z):                -30.471950
Acceptance Rate:                        0.649932
Replacements:                               4324
Total Samples:                              6653
Nested Sampling ln(Z):                -30.132130
Acceptance Rate:                        0.648096
Replacements:                               4374
Total Samples:                              6749
Nested Sampling ln(Z):                -29.805716
Acceptance Rate:                        0.645368
Replacements:                               4424
Total Samples:                              6855
Nested Sampling ln(Z):                -29.494084
Acceptance Rate:                        0.642262
Replacements:                               4474
Total Samples:                              6966
Nested Sampling ln(Z):                -29.186499
Acceptance Rate:                        0.640430
Replacements:                               4524
Total Samples:                              7064
Nested Sampling ln(Z):                -28.898519
Acceptance Rate:                        0.638648
Replacements:                               4574
Total Samples:                              7162
Nested Sampling ln(Z):                -28.636034
Acceptance Rate:                        0.634294
Replacements:                               4624
Total Samples:                              7290
Nested Sampling ln(Z):                -28.389991
Acceptance Rate:                        0.632476
Replacements:                               4674
Total Samples:                              7390
Nested Sampling ln(Z):                -28.158190
Acceptance Rate:                        0.630623
Replacements:                               4724
Total Samples:                              7491
Nested Sampling ln(Z):                -27.939966
Acceptance Rate:                        0.630148
Replacements:                               4774
Total Samples:                              7576
Nested Sampling ln(Z):                -27.729935
Acceptance Rate:                        0.629108
Replacements:                               4824
Total Samples:                              7668
Nested Sampling ln(Z):                -27.525034
Acceptance Rate:                        0.626639
Replacements:                               4874
Total Samples:                              7778
Nested Sampling ln(Z):                -27.319738
Acceptance Rate:                        0.623607
Replacements:                               4924
Total Samples:                              7896
Nested Sampling ln(Z):                -27.123704
Acceptance Rate:                        0.621672
Replacements:                               4974
Total Samples:                              8001
Nested Sampling ln(Z):                -26.939751
Acceptance Rate:                        0.616972
Replacements:                               5024
Total Samples:                              8143
Nested Sampling ln(Z):                -26.766685
Acceptance Rate:                        0.613172
Replacements:                               5074
Total Samples:                              8275
Nested Sampling ln(Z):                -26.602023
Acceptance Rate:                        0.610800
Replacements:                               5124
Total Samples:                              8389
Nested Sampling ln(Z):                -26.448107
Acceptance Rate:                        0.609351
Replacements:                               5174
Total Samples:                              8491
Nested Sampling ln(Z):                -26.300306
Acceptance Rate:                        0.607937
Replacements:                               5224
Total Samples:                              8593
Nested Sampling ln(Z):                -26.156613
Acceptance Rate:                        0.605650
Replacements:                               5274
Total Samples:                              8708
Nested Sampling ln(Z):                -26.017862
Acceptance Rate:                        0.604176
Replacements:                               5324
Total Samples:                              8812
Nested Sampling ln(Z):                -25.885755
Acceptance Rate:                        0.602061
Replacements:                               5374
Total Samples:                              8926
Nested Sampling ln(Z):                -25.760694
Acceptance Rate:                        0.599205
Replacements:                               5424
Total Samples:                              9052
Nested Sampling ln(Z):                -25.641968
Acceptance Rate:                        0.596947
Replacements:                               5474
Total Samples:                              9170
Nested Sampling ln(Z):                -25.532000
Acceptance Rate:                        0.594810
Replacements:                               5524
Total Samples:                              9287
Nested Sampling ln(Z):                -25.427601
Acceptance Rate:                        0.592537
Replacements:                               5574
Total Samples:                              9407
Nested Sampling ln(Z):                -25.325988
Acceptance Rate:                        0.588531
Replacements:                               5624
Total Samples:                              9556
Nested Sampling ln(Z):                -25.227731
Acceptance Rate:                        0.586096
Replacements:                               5674
Total Samples:                              9681
Nested Sampling ln(Z):                -25.133013
Acceptance Rate:                        0.583367
Replacements:                               5724
Total Samples:                              9812
Nested Sampling ln(Z):                -25.041397
Acceptance Rate:                        0.581470
Replacements:                               5774
Total Samples:                              9930
Nested Sampling ln(Z):                -24.952427
Acceptance Rate:                        0.578179
Replacements:                               5824
Total Samples:                             10073
Nested Sampling ln(Z):                -24.867992
Acceptance Rate:                        0.576674
Replacements:                               5874
Total Samples:                             10186
Nested Sampling ln(Z):                -24.786864
Acceptance Rate:                        0.574755
Replacements:                               5924
Total Samples:                             10307
Nested Sampling ln(Z):                -24.710891
Acceptance Rate:                        0.574202
Replacements:                               5974
Total Samples:                             10404
Nested Sampling ln(Z):                -24.638254
Acceptance Rate:                        0.571917
Replacements:                               6024
Total Samples:                             10533
Nested Sampling ln(Z):                -24.569012
Acceptance Rate:                        0.569260
Replacements:                               6074
Total Samples:                             10670
Nested Sampling ln(Z):                -24.503263
Acceptance Rate:                        0.567090
Replacements:                               6124
Total Samples:                             10799
Nested Sampling ln(Z):                -24.441250
Acceptance Rate:                        0.564557
Replacements:                               6174
Total Samples:                             10936
Nested Sampling ln(Z):                -24.382343
Acceptance Rate:                        0.563156
Replacements:                               6224
Total Samples:                             11052
Nested Sampling ln(Z):                -24.326034
Acceptance Rate:                        0.561733
Replacements:                               6274
Total Samples:                             11169
Nested Sampling ln(Z):                -24.271740
Acceptance Rate:                        0.559547
Replacements:                               6324
Total Samples:                             11302
Nested Sampling ln(Z):                -24.219654
Acceptance Rate:                        0.557509
Replacements:                               6374
Total Samples:                             11433
Nested Sampling ln(Z):                -24.169698
Acceptance Rate:                        0.555613
Replacements:                               6424
Total Samples:                             11562
Nested Sampling ln(Z):                -24.121265
Acceptance Rate:                        0.553759
Replacements:                               6474
Total Samples:                             11691
Nested Sampling ln(Z):                -24.074888
Acceptance Rate:                        0.552975
Replacements:                               6524
Total Samples:                             11798
Nested Sampling ln(Z):                -24.030814
Acceptance Rate:                        0.550540
Replacements:                               6574
Total Samples:                             11941
Nested Sampling ln(Z):                -23.988778
Acceptance Rate:                        0.548163
Replacements:                               6624
Total Samples:                             12084
Nested Sampling ln(Z):                -23.948787
Acceptance Rate:                        0.546601
Replacements:                               6674
Total Samples:                             12210
Nested Sampling ln(Z):                -23.910563
Acceptance Rate:                        0.543485
Replacements:                               6724
Total Samples:                             12372
Nested Sampling ln(Z):                -23.873760
Acceptance Rate:                        0.542267
Replacements:                               6774
Total Samples:                             12492
Nested Sampling ln(Z):                -23.838439
Acceptance Rate:                        0.541115
Replacements:                               6824
Total Samples:                             12611
Nested Sampling ln(Z):                -23.804350
Acceptance Rate:                        0.539349
Replacements:                               6874
Total Samples:                             12745
Nested Sampling ln(Z):                -23.771731
Acceptance Rate:                        0.535623
Replacements:                               6924
Total Samples:                             12927
Nested Sampling ln(Z):                -23.740401
Acceptance Rate:                        0.533833
Replacements:                               6974
Total Samples:                             13064
Nested Sampling ln(Z):                -23.710490
Acceptance Rate:                        0.532444
Replacements:                               7024
Total Samples:                             13192
Nested Sampling ln(Z):                -23.681753
Acceptance Rate:                        0.530364
Replacements:                               7074
Total Samples:                             13338
Nested Sampling ln(Z):                -23.654258
Acceptance Rate:                        0.529154
Replacements:                               7124
Total Samples:                             13463
Nested Sampling ln(Z):                -23.627883
Acceptance Rate:                        0.528121
Replacements:                               7174
Total Samples:                             13584
Nested Sampling ln(Z):                -23.602509
Acceptance Rate:                        0.525649
Replacements:                               7224
Total Samples:                             13743
Nested Sampling ln(Z):                -23.578205
Acceptance Rate:                        0.523498
Replacements:                               7285
Total Samples:                             13916
Nested Sampling ln(Z):                -23.550146
Acceptance Rate:                        0.520932
Replacements:                               7354
Total Samples:                             14117
Nested Sampling ln(Z):                -23.521923
Acceptance Rate:                        0.519980
Replacements:                               7404
Total Samples:                             14239
Nested Sampling ln(Z):                -23.500736
Acceptance Rate:                        0.518431
Replacements:                               7454
Total Samples:                             14378
Nested Sampling ln(Z):                -23.480401
Acceptance Rate:                        0.517054
Replacements:                               7504
Total Samples:                             14513
Nested Sampling ln(Z):                -23.460892
Acceptance Rate:                        0.516160
Replacements:                               7554
Total Samples:                             14635
Nested Sampling ln(Z):                -23.442166
Acceptance Rate:                        0.514758
Replacements:                               7604
Total Samples:                             14772
Nested Sampling ln(Z):                -23.424245
Acceptance Rate:                        0.513553
Replacements:                               7654
Total Samples:                             14904
Nested Sampling ln(Z):                -23.406971
Acceptance Rate:                        0.512711
Replacements:                               7704
Total Samples:                             15026
Nested Sampling ln(Z):                -23.390323
Acceptance Rate:                        0.511646
Replacements:                               7754
Total Samples:                             15155
Nested Sampling ln(Z):                -23.374344
Acceptance Rate:                        0.509666
Replacements:                               7804
Total Samples:                             15312
Nested Sampling ln(Z):                -23.358992
Acceptance Rate:                        0.509206
Replacements:                               7854
Total Samples:                             15424
Nested Sampling ln(Z):                -23.344216
Acceptance Rate:                        0.506602
Replacements:                               7904
Total Samples:                             15602
Nested Sampling ln(Z):                -23.329987
Acceptance Rate:                        0.505305
Replacements:                               7954
Total Samples:                             15741
Nested Sampling ln(Z):                -23.316294
Acceptance Rate:                        0.504889
Replacements:                               8004
Total Samples:                             15853
Nested Sampling ln(Z):                -23.303100
Acceptance Rate:                        0.504100
Replacements:                               8054
Total Samples:                             15977
Nested Sampling ln(Z):                -23.290369
Acceptance Rate:                        0.503542
Replacements:                               8104
Total Samples:                             16094
Nested Sampling ln(Z):                -23.278099
Acceptance Rate:                        0.502682
Replacements:                               8154
Total Samples:                             16221
Nested Sampling ln(Z):                -23.266311
Acceptance Rate:                        0.501467
Replacements:                               8204
Total Samples:                             16360
Nested Sampling ln(Z):                -23.254997
Acceptance Rate:                        0.500364
Replacements:                               8254
Total Samples:                             16496
Nested Sampling ln(Z):                -23.244120
Acceptance Rate:                        0.498619
Replacements:                               8304
Total Samples:                             16654
Nested Sampling ln(Z):                -23.233672
Creating light curve model for inference
Running with filters ['ztfg', 'ztfr', 'sdssg', 'sdssi', 'sdssr']
Running with the following additional sampler_kwargs:
{}
  analysing data from /tmp/tmp2f1m5p_o/.txt
Best fit parameters: {'luminosity_distance': 42.34235693791853, 'beta': 1.8501114273184491, 'log10_kappa_r': -0.5990068913566647, 'timeshift': -1.8129328220780312, 'log10_vej': -1.658482582844926, 'log10_mej': -0.5141038238280347, 'Ebv': 0.0, 'log_likelihood': -16.029745817321, 'log_prior': -10.203592144986466}
Best fit index: 4211
Acceptance Rate:                        0.497321
Replacements:                               8354
Total Samples:                             16798
Nested Sampling ln(Z):                -23.223628
Acceptance Rate:                        0.497337
Replacements:                               8404
Total Samples:                             16898
Nested Sampling ln(Z):                -23.213975
Acceptance Rate:                        0.495284
Replacements:                               8454
Total Samples:                             17069
Nested Sampling ln(Z):                -23.204676
Acceptance Rate:                        0.494908
Replacements:                               8504
Total Samples:                             17183
Nested Sampling ln(Z):                -23.195681
Acceptance Rate:                        0.493623
Replacements:                               8554
Total Samples:                             17329
Nested Sampling ln(Z):                -23.187001
Acceptance Rate:                        0.492953
Replacements:                               8604
Total Samples:                             17454
Nested Sampling ln(Z):                -23.178595
Acceptance Rate:                        0.491900
Replacements:                               8654
Total Samples:                             17593
Nested Sampling ln(Z):                -23.170506
Acceptance Rate:                        0.490836
Replacements:                               8704
Total Samples:                             17733
Nested Sampling ln(Z):                -23.162699
Acceptance Rate:                        0.489078
Replacements:                               8754
Total Samples:                             17899
Nested Sampling ln(Z):                -23.155171
Acceptance Rate:                        0.488541
Replacements:                               8804
Total Samples:                             18021
Nested Sampling ln(Z):                -23.147912
Acceptance Rate:                        0.487958
Replacements:                               8854
Total Samples:                             18145
Nested Sampling ln(Z):                -23.140918
Acceptance Rate:                        0.487223
Replacements:                               8904
Total Samples:                             18275
Nested Sampling ln(Z):                -23.134157
Acceptance Rate:                        0.485601
Replacements:                               8954
Total Samples:                             18439
Nested Sampling ln(Z):                -23.127653
Acceptance Rate:                        0.484747
Replacements:                               8978
Total Samples:                             18521
Nested Sampling ln(Z):                -23.124607
 ln(ev)=  -22.950105504465359      +/-   6.5840850047175589E-002
 Total Likelihood Evaluations:        18521
 Sampling finished. Exiting MultiNest
