/home/tbarna/.conda/envs/nmma_dev/lib/python3.10/site-packages/astropy/time/formats.py:1580: FutureWarning: Passing (type, 1) or '1type' as a synonym of type is deprecated; in a future version of numpy, it will be understood as (type, (1,)) / '(1,)type'.
  val1_uint32 = val1.view((np.uint32, val1.dtype.itemsize // 4))
/home/tbarna/.conda/envs/nmma_dev/lib/python3.10/site-packages/sklearn/base.py:329: UserWarning: Trying to unpickle estimator GaussianProcessRegressor from version 1.0.2 when using version 1.1.3. This might lead to breaking code or invalid results. Use at your own risk. For more info please refer to:
https://scikit-learn.org/stable/model_persistence.html#security-maintainability-limitations
  warnings.warn(
14:39 bilby INFO    : Running for label 'lc_ZTF23absbqun_ztf-sedm_fit_Bu2019lm_tmax_04', output will be saved to './specialFits_ztf_only/lc_ZTF23absbqun_ztf-sedm/Bu2019lm'
Traceback (most recent call last):
  File "/cm/shared/apps/spack/0.17.3/cpu/b/opt/spack/linux-rocky8-zen/gcc-8.5.0/anaconda3-2021.05-q4munrgvh7qp4o7r3nzcdkbuph4z7375/condabin/conda", line 12, in <module>
    from conda.cli import main
ModuleNotFoundError: No module named 'conda'
/home/tbarna/.conda/envs/nmma_dev/lib/python3.10/site-packages/_distutils_hack/__init__.py:33: UserWarning: Setuptools is replacing distutils.
  warnings.warn("Setuptools is replacing distutils.")
14:39 bilby INFO    : Analysis priors:
14:39 bilby INFO    : luminosity_distance=Uniform(minimum=1.0, maximum=200.0, name='luminosity_distance', latex_label='$D_L$', unit=None, boundary=None)
14:39 bilby INFO    : KNphi=Uniform(minimum=15.0, maximum=50.0, name='KNphi', latex_label='$\\Phi$', unit=None, boundary=None)
14:39 bilby INFO    : inclination_EM=Sine(minimum=0.0, maximum=0.7853981633974483, name='inclination_EM', latex_label='$\\iota$', unit=None, boundary=None)
14:39 bilby INFO    : timeshift=Uniform(minimum=-2.0, maximum=1.0, name='trigger_time', latex_label='$t_0$', unit=None, boundary=None)
14:39 bilby INFO    : log10_mej_dyn=Uniform(minimum=-3.0, maximum=-1.0, name='log10_mej_dyn', latex_label='$\\log_{10}M^{\\rm{dyn}}_{\\rm{ej}}$', unit=None, boundary=None)
14:39 bilby INFO    : log10_mej_wind=Uniform(minimum=-3.0, maximum=-0.5, name='log10_mej_wind', latex_label='$\\log_{10}M^{\\rm{wind}}_{\\rm{ej}}$', unit=None, boundary=None)
14:39 bilby INFO    : Ebv=0.0
14:39 bilby INFO    : Analysis likelihood class: <class 'nmma.em.likelihood.OpticalLightCurve'>
14:39 bilby INFO    : Analysis likelihood noise evidence: 0.0
14:39 bilby INFO    : Single likelihood evaluation took 2.550e-02 s
14:39 bilby WARNING : Supplied argument 'queue_size' not an argument of 'Pymultinest', removing.
14:39 bilby WARNING : Supplied argument 'check_point_delta_t' not an argument of 'Pymultinest', removing.
14:39 bilby WARNING : Using cached result
14:39 bilby INFO    : Summary of results:
nsamples: 3980
ln_noise_evidence:  0.000
ln_evidence: -12.549 +/-  0.050
ln_bayes_factor: -12.549 +/-  0.050

14:39 bilby INFO    : Writing samples file to /expanse/lustre/projects/umn131/tbarna/specialFits_ztf_only/lc_ZTF23absbqun_ztf-sedm/Bu2019lm/lc_ZTF23absbqun_ztf-sedm_fit_Bu2019lm_tmax_04_posterior_samples.dat
