 MultiNest Warning: no resume file found, starting from scratch
 *****************************************************
 MultiNest v3.10
 Copyright Farhan Feroz & Mike Hobson
 Release Jul 2015

 no. of live points = 1024
 dimensionality =    7
 *****************************************************
 Starting MultiNest
 generating live points
 live points generated, starting sampling
Acceptance Rate:                        0.999070
Replacements:                               1074
Total Samples:                              1075
Nested Sampling ln(Z):              -1473.893351
Acceptance Rate:                        0.995571
Replacements:                               1124
Total Samples:                              1129
Nested Sampling ln(Z):              -1089.856957
Acceptance Rate:                        0.994915
Replacements:                               1174
Total Samples:                              1180
Nested Sampling ln(Z):               -855.961149
Acceptance Rate:                        0.985507
Replacements:                               1224
Total Samples:                              1242
Nested Sampling ln(Z):               -713.389091
Acceptance Rate:                        0.968085
Replacements:                               1274
Total Samples:                              1316
Nested Sampling ln(Z):               -630.458035
Acceptance Rate:                        0.958032
Replacements:                               1324
Total Samples:                              1382
Nested Sampling ln(Z):               -551.732155
Acceptance Rate:                        0.951524
Replacements:                               1374
Total Samples:                              1444
Nested Sampling ln(Z):               -492.569528
Acceptance Rate:                        0.939314
Replacements:                               1424
Total Samples:                              1516
Nested Sampling ln(Z):               -446.633785
Acceptance Rate:                        0.926461
Replacements:                               1474
Total Samples:                              1591
Nested Sampling ln(Z):               -412.708795
Acceptance Rate:                        0.903379
Replacements:                               1524
Total Samples:                              1687
Nested Sampling ln(Z):               -380.081164
Acceptance Rate:                        0.890775
Replacements:                               1574
Total Samples:                              1767
Nested Sampling ln(Z):               -344.251249
Acceptance Rate:                        0.874058
Replacements:                               1624
Total Samples:                              1858
Nested Sampling ln(Z):               -316.418305
Acceptance Rate:                        0.857582
Replacements:                               1674
Total Samples:                              1952
Nested Sampling ln(Z):               -290.539592
Acceptance Rate:                        0.845513
Replacements:                               1724
Total Samples:                              2039
Nested Sampling ln(Z):               -264.804506
Acceptance Rate:                        0.828585
Replacements:                               1774
Total Samples:                              2141
Nested Sampling ln(Z):               -247.728574
Acceptance Rate:                        0.823105
Replacements:                               1824
Total Samples:                              2216
Nested Sampling ln(Z):               -230.274823
Acceptance Rate:                        0.816202
Replacements:                               1874
Total Samples:                              2296
Nested Sampling ln(Z):               -214.171778
Acceptance Rate:                        0.814564
Replacements:                               1924
Total Samples:                              2362
Nested Sampling ln(Z):               -200.362143
Acceptance Rate:                        0.806702
Replacements:                               1974
Total Samples:                              2447
Nested Sampling ln(Z):               -189.139169
Acceptance Rate:                        0.797793
Replacements:                               2024
Total Samples:                              2537
Nested Sampling ln(Z):               -176.435874
Acceptance Rate:                        0.790999
Replacements:                               2074
Total Samples:                              2622
Nested Sampling ln(Z):               -163.774272
Acceptance Rate:                        0.786667
Replacements:                               2124
Total Samples:                              2700
Nested Sampling ln(Z):               -154.108250
Acceptance Rate:                        0.777261
Replacements:                               2174
Total Samples:                              2797
Nested Sampling ln(Z):               -143.307606
Acceptance Rate:                        0.770884
Replacements:                               2224
Total Samples:                              2885
Nested Sampling ln(Z):               -135.444510
Acceptance Rate:                        0.766431
Replacements:                               2274
Total Samples:                              2967
Nested Sampling ln(Z):               -128.309028
Acceptance Rate:                        0.762217
Replacements:                               2324
Total Samples:                              3049
Nested Sampling ln(Z):               -121.676544
Acceptance Rate:                        0.757982
Replacements:                               2374
Total Samples:                              3132
Nested Sampling ln(Z):               -114.579294
Acceptance Rate:                        0.751162
Replacements:                               2424
Total Samples:                              3227
Nested Sampling ln(Z):               -109.535921
Acceptance Rate:                        0.747884
Replacements:                               2474
Total Samples:                              3308
Nested Sampling ln(Z):               -104.888530
Acceptance Rate:                        0.741917
Replacements:                               2524
Total Samples:                              3402
Nested Sampling ln(Z):               -101.317377
Acceptance Rate:                        0.736059
Replacements:                               2574
Total Samples:                              3497
Nested Sampling ln(Z):                -97.788041
Acceptance Rate:                        0.733371
Replacements:                               2624
Total Samples:                              3578
Nested Sampling ln(Z):                -94.149669
Acceptance Rate:                        0.728015
Replacements:                               2674
Total Samples:                              3673
Nested Sampling ln(Z):                -90.337111
Acceptance Rate:                        0.723122
Replacements:                               2724
Total Samples:                              3767
Nested Sampling ln(Z):                -86.725250
Acceptance Rate:                        0.720332
Replacements:                               2774
Total Samples:                              3851
Nested Sampling ln(Z):                -83.765227
Acceptance Rate:                        0.715480
Replacements:                               2824
Total Samples:                              3947
Nested Sampling ln(Z):                -81.003327
Acceptance Rate:                        0.707185
Replacements:                               2874
Total Samples:                              4064
Nested Sampling ln(Z):                -78.523084
Acceptance Rate:                        0.699689
Replacements:                               2924
Total Samples:                              4179
Nested Sampling ln(Z):                -76.493262
Acceptance Rate:                        0.697631
Replacements:                               2974
Total Samples:                              4263
Nested Sampling ln(Z):                -74.367613
Acceptance Rate:                        0.695652
Replacements:                               3024
Total Samples:                              4347
Nested Sampling ln(Z):                -72.693692
Acceptance Rate:                        0.689856
Replacements:                               3074
Total Samples:                              4456
Nested Sampling ln(Z):                -71.204736
Acceptance Rate:                        0.684337
Replacements:                               3124
Total Samples:                              4565
Nested Sampling ln(Z):                -69.580007
Acceptance Rate:                        0.679949
Replacements:                               3174
Total Samples:                              4668
Nested Sampling ln(Z):                -68.043068
Acceptance Rate:                        0.676600
Replacements:                               3224
Total Samples:                              4765
Nested Sampling ln(Z):                -66.491784
Acceptance Rate:                        0.673109
Replacements:                               3274
Total Samples:                              4864
Nested Sampling ln(Z):                -65.205428
Acceptance Rate:                        0.668006
Replacements:                               3324
Total Samples:                              4976
Nested Sampling ln(Z):                -63.982019
Acceptance Rate:                        0.664043
Replacements:                               3374
Total Samples:                              5081
Nested Sampling ln(Z):                -62.752509
Acceptance Rate:                        0.661004
Replacements:                               3424
Total Samples:                              5180
Nested Sampling ln(Z):                -61.633290
Acceptance Rate:                        0.658578
Replacements:                               3474
Total Samples:                              5275
Nested Sampling ln(Z):                -60.416351
Acceptance Rate:                        0.651989
Replacements:                               3524
Total Samples:                              5405
Nested Sampling ln(Z):                -59.326803
Acceptance Rate:                        0.647581
Replacements:                               3574
Total Samples:                              5519
Nested Sampling ln(Z):                -58.411824
Acceptance Rate:                        0.643809
Replacements:                               3624
Total Samples:                              5629
Nested Sampling ln(Z):                -57.637172
Acceptance Rate:                        0.640404
Replacements:                               3674
Total Samples:                              5737
Nested Sampling ln(Z):                -56.944599
Acceptance Rate:                        0.637453
Replacements:                               3724
Total Samples:                              5842
Nested Sampling ln(Z):                -56.239116
Acceptance Rate:                        0.633328
Replacements:                               3774
Total Samples:                              5959
Nested Sampling ln(Z):                -55.608535
Acceptance Rate:                        0.629776
Replacements:                               3824
Total Samples:                              6072
Nested Sampling ln(Z):                -54.992335
Acceptance Rate:                        0.624335
Replacements:                               3874
Total Samples:                              6205
Nested Sampling ln(Z):                -54.380665
Acceptance Rate:                        0.618342
Replacements:                               3924
Total Samples:                              6346
Nested Sampling ln(Z):                -53.853398
Acceptance Rate:                        0.615075
Replacements:                               3974
Total Samples:                              6461
Nested Sampling ln(Z):                -53.366658
Acceptance Rate:                        0.611086
Replacements:                               4024
Total Samples:                              6585
Nested Sampling ln(Z):                -52.928694
Acceptance Rate:                        0.607425
Replacements:                               4074
Total Samples:                              6707
Nested Sampling ln(Z):                -52.516272
Acceptance Rate:                        0.605313
Replacements:                               4124
Total Samples:                              6813
Nested Sampling ln(Z):                -52.124462
Acceptance Rate:                        0.603354
Replacements:                               4174
Total Samples:                              6918
Nested Sampling ln(Z):                -51.732007
Acceptance Rate:                        0.599915
Replacements:                               4224
Total Samples:                              7041
Nested Sampling ln(Z):                -51.350655
Acceptance Rate:                        0.597261
Replacements:                               4274
Total Samples:                              7156
Nested Sampling ln(Z):                -50.995823
Acceptance Rate:                        0.595019
Replacements:                               4324
Total Samples:                              7267
Nested Sampling ln(Z):                -50.650426
Acceptance Rate:                        0.589647
Replacements:                               4374
Total Samples:                              7418
Nested Sampling ln(Z):                -50.302489
Acceptance Rate:                        0.585960
Replacements:                               4424
Total Samples:                              7550
Nested Sampling ln(Z):                -49.975484
Acceptance Rate:                        0.583388
Replacements:                               4474
Total Samples:                              7669
Nested Sampling ln(Z):                -49.659706
Acceptance Rate:                        0.580894
Replacements:                               4524
Total Samples:                              7788
Nested Sampling ln(Z):                -49.349971
Acceptance Rate:                        0.578987
Replacements:                               4574
Total Samples:                              7900
Nested Sampling ln(Z):                -49.050151
Acceptance Rate:                        0.577206
Replacements:                               4624
Total Samples:                              8011
Nested Sampling ln(Z):                -48.770574
Acceptance Rate:                        0.574484
Replacements:                               4674
Total Samples:                              8136
Nested Sampling ln(Z):                -48.499236
Acceptance Rate:                        0.571014
Replacements:                               4724
Total Samples:                              8273
Nested Sampling ln(Z):                -48.235773
Acceptance Rate:                        0.569418
Replacements:                               4774
Total Samples:                              8384
Nested Sampling ln(Z):                -47.989416
Acceptance Rate:                        0.565998
Replacements:                               4824
Total Samples:                              8523
Nested Sampling ln(Z):                -47.749409
Acceptance Rate:                        0.564382
Replacements:                               4874
Total Samples:                              8636
Nested Sampling ln(Z):                -47.516059
Acceptance Rate:                        0.560948
Replacements:                               4924
Total Samples:                              8778
Nested Sampling ln(Z):                -47.283465
Acceptance Rate:                        0.558187
Replacements:                               4974
Total Samples:                              8911
Nested Sampling ln(Z):                -47.056568
Acceptance Rate:                        0.556861
Replacements:                               5024
Total Samples:                              9022
Nested Sampling ln(Z):                -46.844232
Acceptance Rate:                        0.555082
Replacements:                               5074
Total Samples:                              9141
Nested Sampling ln(Z):                -46.648559
Acceptance Rate:                        0.550790
Replacements:                               5124
Total Samples:                              9303
Nested Sampling ln(Z):                -46.458198
Acceptance Rate:                        0.548907
Replacements:                               5174
Total Samples:                              9426
Nested Sampling ln(Z):                -46.278408
Acceptance Rate:                        0.545644
Replacements:                               5224
Total Samples:                              9574
Nested Sampling ln(Z):                -46.108942
Acceptance Rate:                        0.542035
Replacements:                               5274
Total Samples:                              9730
Nested Sampling ln(Z):                -45.948616
Acceptance Rate:                        0.538976
Replacements:                               5324
Total Samples:                              9878
Nested Sampling ln(Z):                -45.789782
Acceptance Rate:                        0.535739
Replacements:                               5374
Total Samples:                             10031
Nested Sampling ln(Z):                -45.634185
Acceptance Rate:                        0.534858
Replacements:                               5424
Total Samples:                             10141
Nested Sampling ln(Z):                -45.488335
Acceptance Rate:                        0.533840
Replacements:                               5474
Total Samples:                             10254
Nested Sampling ln(Z):                -45.353428
Acceptance Rate:                        0.531409
Replacements:                               5524
Total Samples:                             10395
Nested Sampling ln(Z):                -45.224950
Acceptance Rate:                        0.529144
Replacements:                               5574
Total Samples:                             10534
Nested Sampling ln(Z):                -45.103126
Acceptance Rate:                        0.526937
Replacements:                               5624
Total Samples:                             10673
Nested Sampling ln(Z):                -44.986466
Acceptance Rate:                        0.523577
Replacements:                               5674
Total Samples:                             10837
Nested Sampling ln(Z):                -44.876160
Acceptance Rate:                        0.521739
Replacements:                               5724
Total Samples:                             10971
Nested Sampling ln(Z):                -44.771091
Acceptance Rate:                        0.519712
Replacements:                               5774
Total Samples:                             11110
Nested Sampling ln(Z):                -44.669450
Acceptance Rate:                        0.517229
Replacements:                               5824
Total Samples:                             11260
Nested Sampling ln(Z):                -44.570031
Acceptance Rate:                        0.516259
Replacements:                               5874
Total Samples:                             11378
Nested Sampling ln(Z):                -44.476741
Acceptance Rate:                        0.514683
Replacements:                               5924
Total Samples:                             11510
Nested Sampling ln(Z):                -44.387716
Acceptance Rate:                        0.513098
Replacements:                               5974
Total Samples:                             11643
Nested Sampling ln(Z):                -44.302153
Acceptance Rate:                        0.510682
Replacements:                               6024
Total Samples:                             11796
Nested Sampling ln(Z):                -44.218798
Acceptance Rate:                        0.508753
Replacements:                               6074
Total Samples:                             11939
Nested Sampling ln(Z):                -44.136557
Acceptance Rate:                        0.507752
Replacements:                               6124
Total Samples:                             12061
Nested Sampling ln(Z):                -44.056944
Acceptance Rate:                        0.505900
Replacements:                               6174
Total Samples:                             12204
Nested Sampling ln(Z):                -43.980296
Acceptance Rate:                        0.504908
Replacements:                               6224
Total Samples:                             12327
Nested Sampling ln(Z):                -43.906647
Acceptance Rate:                        0.503410
Replacements:                               6274
Total Samples:                             12463
Nested Sampling ln(Z):                -43.835474
Acceptance Rate:                        0.502064
Replacements:                               6324
Total Samples:                             12596
Nested Sampling ln(Z):                -43.767815
Acceptance Rate:                        0.500825
Replacements:                               6374
Total Samples:                             12727
Nested Sampling ln(Z):                -43.703394
Acceptance Rate:                        0.498951
Replacements:                               6424
Total Samples:                             12875
Nested Sampling ln(Z):                -43.642311
Acceptance Rate:                        0.497541
Replacements:                               6474
Total Samples:                             13012
Nested Sampling ln(Z):                -43.584302
Acceptance Rate:                        0.495669
Replacements:                               6524
Total Samples:                             13162
Nested Sampling ln(Z):                -43.528130
Acceptance Rate:                        0.492841
Replacements:                               6574
Total Samples:                             13339
Nested Sampling ln(Z):                -43.474339
Acceptance Rate:                        0.490703
Replacements:                               6624
Total Samples:                             13499
Nested Sampling ln(Z):                -43.423335
Acceptance Rate:                        0.488616
Replacements:                               6674
Total Samples:                             13659
Nested Sampling ln(Z):                -43.374262
Acceptance Rate:                        0.486365
Replacements:                               6724
Total Samples:                             13825
Nested Sampling ln(Z):                -43.327576
Acceptance Rate:                        0.485731
Replacements:                               6774
Total Samples:                             13946
Nested Sampling ln(Z):                -43.283106
Acceptance Rate:                        0.484143
Replacements:                               6824
Total Samples:                             14095
Nested Sampling ln(Z):                -43.240582
Acceptance Rate:                        0.482454
Replacements:                               6874
Total Samples:                             14248
Nested Sampling ln(Z):                -43.200175
Acceptance Rate:                        0.480600
Replacements:                               6924
Total Samples:                             14407
Nested Sampling ln(Z):                -43.161595
Acceptance Rate:                        0.478622
Replacements:                               6974
Total Samples:                             14571
Nested Sampling ln(Z):                -43.124524
Acceptance Rate:                        0.477174
Replacements:                               7024
Total Samples:                             14720
Nested Sampling ln(Z):                -43.088917
Acceptance Rate:                        0.475979
Replacements:                               7074
Total Samples:                             14862
Nested Sampling ln(Z):                -43.055041
Acceptance Rate:                        0.474143
Replacements:                               7124
Total Samples:                             15025
Nested Sampling ln(Z):                -43.022883
Acceptance Rate:                        0.472098
Replacements:                               7174
Total Samples:                             15196
Nested Sampling ln(Z):                -42.992369
Acceptance Rate:                        0.470068
Replacements:                               7224
Total Samples:                             15368
Nested Sampling ln(Z):                -42.963217
Creating light curve model for inference
Running with filters ['ztfg']
Running with the following additional sampler_kwargs:
{}
  analysing data from /tmp/tmp5kdyyr_q/.txt
Best fit parameters: {'luminosity_distance': 181.43372239098096, 'timeshift': -0.0385987800951564, 'inclination_EM': 0.1046963659797167, 'log10_n0': 1.365152309016458, 'p': 2.306350063630907, 'log10_epsilon_e': -0.8003984216624311, 'log10_epsilon_B': -1.7590756632067046, 'log10_E0': 53.0, 'thetaCore': 0.05, 'thetaWing': 0.1, 'ksiN': 1.0, 'L0': 0.0, 'dL': 3.09e+19, 'b': 6.0, 'q': 0.0, 'ts': 0.0, 'Ebv': 0.0, 'log_likelihood': -36.44325351571081, 'log_prior': -10.591307895155108}
Best fit index: 3275
Saved bestfit parameters and magnitudes to ./lc_TrPi2018_00037_fit_TrPi2018_tmax_21_bestfit_params.json
Acceptance Rate:                        0.468867
Replacements:                               7274
Total Samples:                             15514
Nested Sampling ln(Z):                -42.935454
Acceptance Rate:                        0.466973
Replacements:                               7324
Total Samples:                             15684
Nested Sampling ln(Z):                -42.908758
Acceptance Rate:                        0.465413
Replacements:                               7374
Total Samples:                             15844
Nested Sampling ln(Z):                -42.883227
Acceptance Rate:                        0.464116
Replacements:                               7424
Total Samples:                             15996
Nested Sampling ln(Z):                -42.858851
Acceptance Rate:                        0.462128
Replacements:                               7474
Total Samples:                             16173
Nested Sampling ln(Z):                -42.835601
Acceptance Rate:                        0.461001
Replacements:                               7524
Total Samples:                             16321
Nested Sampling ln(Z):                -42.813335
Acceptance Rate:                        0.459643
Replacements:                               7574
Total Samples:                             16478
Nested Sampling ln(Z):                -42.791903
Acceptance Rate:                        0.458449
Replacements:                               7624
Total Samples:                             16630
Nested Sampling ln(Z):                -42.771421
Acceptance Rate:                        0.457112
Replacements:                               7674
Total Samples:                             16788
Nested Sampling ln(Z):                -42.751882
Acceptance Rate:                        0.455559
Replacements:                               7724
Total Samples:                             16955
Nested Sampling ln(Z):                -42.733220
Acceptance Rate:                        0.454089
Replacements:                               7774
Total Samples:                             17120
Nested Sampling ln(Z):                -42.715269
Acceptance Rate:                        0.452411
Replacements:                               7824
Total Samples:                             17294
Nested Sampling ln(Z):                -42.698023
Acceptance Rate:                        0.450999
Replacements:                               7874
Total Samples:                             17459
Nested Sampling ln(Z):                -42.681521
Acceptance Rate:                        0.448901
Replacements:                               7924
Total Samples:                             17652
Nested Sampling ln(Z):                -42.665786
Acceptance Rate:                        0.447199
Replacements:                               7974
Total Samples:                             17831
Nested Sampling ln(Z):                -42.650759
Acceptance Rate:                        0.445976
Replacements:                               8024
Total Samples:                             17992
Nested Sampling ln(Z):                -42.636356
Acceptance Rate:                        0.444800
Replacements:                               8066
Total Samples:                             18134
Nested Sampling ln(Z):                -42.624723
 ln(ev)=  -42.325240299426802      +/-   6.6511761358320709E-002
 Total Likelihood Evaluations:        18134
 Sampling finished. Exiting MultiNest
