/home/cough052/barna314/anaconda3/envs/nmma_canary/lib/python3.10/site-packages/astropy/time/formats.py:1580: FutureWarning: Passing (type, 1) or '1type' as a synonym of type is deprecated; in a future version of numpy, it will be understood as (type, (1,)) / '(1,)type'.
  val1_uint32 = val1.view((np.uint32, val1.dtype.itemsize // 4))
14:58 bilby INFO    : Running for label 'lc_nugent-hyper_00059_fit_nugent-hyper_tmax_07', output will be saved to 'fits_ten_scaled/lc_nugent-hyper_00059/nugent-hyper'
14:58 bilby INFO    : Analysis priors:
14:58 bilby INFO    : luminosity_distance=Uniform(minimum=150, maximum=225, name='luminosity_distance', latex_label='$D_L$', unit=None, boundary=None)
14:58 bilby INFO    : KNtimeshift=Uniform(minimum=-1.0, maximum=1.0, name='trigger_time', latex_label='$t_0$', unit=None, boundary=None)
14:58 bilby INFO    : supernova_mag_boost=Uniform(minimum=-5.0, maximum=5.0, name='supernova_mag_boost', latex_label='$\\rm{SNmag}$', unit=None, boundary=None)
14:58 bilby INFO    : Ebv=Interped(xx=array([0.    , 0.5724]), yy=array([3.4940601, 0.       ]), minimum=0.0, maximum=0.5724, name='Ebv', latex_label='$E(B-V)$', unit=None, boundary=None)
14:58 bilby INFO    : Analysis likelihood class: <class 'nmma.em.likelihood.OpticalLightCurve'>
14:58 bilby INFO    : Analysis likelihood noise evidence: 0.0
14:58 bilby INFO    : Single likelihood evaluation took 5.757e-03 s
14:58 bilby WARNING : Supplied argument 'queue_size' not an argument of 'Pymultinest', removing.
14:58 bilby WARNING : Supplied argument 'check_point_delta_t' not an argument of 'Pymultinest', removing.
14:58 bilby INFO    : Using sampler Pymultinest with kwargs {'importance_nested_sampling': False, 'resume': True, 'verbose': True, 'sampling_efficiency': 'parameter', 'n_live_points': 1024, 'n_params': 4, 'n_clustering_params': None, 'wrapped_params': None, 'multimodal': True, 'const_efficiency_mode': False, 'evidence_tolerance': 0.5, 'n_iter_before_update': 100, 'null_log_evidence': -1e+90, 'max_modes': 100, 'mode_tolerance': -1e+90, 'seed': 42, 'context': 0, 'write_output': True, 'log_zero': -1e+100, 'max_iter': 0, 'init_MPI': False, 'dump_callback': <bound method Pymultinest._dump_callback of <bilby.core.sampler.pymultinest.Pymultinest object at 0x7ff77ed33be0>>}
14:58 bilby INFO    : Using temporary file /tmp/tmp_c2eu9re
14:58 bilby INFO    : Overwriting fits_ten_scaled/lc_nugent-hyper_00059/nugent-hyper/pm_lc_nugent-hyper_00059_fit_nugent-hyper_tmax_07/ with /tmp/tmp_c2eu9re/
Exception ignored on calling ctypes callback function: <function run.<locals>.dumper at 0x7ff77ed865f0>
Traceback (most recent call last):
  File "/home/cough052/barna314/anaconda3/envs/nmma_canary/lib/python3.10/site-packages/pymultinest/run.py", line 239, in dumper
    dump_callback(nSamples,nlive,nPar,
  File "/home/cough052/barna314/anaconda3/envs/nmma_canary/lib/python3.10/site-packages/bilby/core/sampler/pymultinest.py", line 128, in _dump_callback
    self._copy_temporary_directory_contents_to_proper_path()
  File "/home/cough052/barna314/anaconda3/envs/nmma_canary/lib/python3.10/site-packages/bilby/core/sampler/base_sampler.py", line 981, in _copy_temporary_directory_contents_to_proper_path
    shutil.copytree(
  File "/home/cough052/barna314/anaconda3/envs/nmma_canary/lib/python3.10/shutil.py", line 559, in copytree
    return _copytree(entries=entries, src=src, dst=dst, symlinks=symlinks,
  File "/home/cough052/barna314/anaconda3/envs/nmma_canary/lib/python3.10/shutil.py", line 513, in _copytree
    raise Error(errors)
shutil.Error: [('/tmp/tmp_c2eu9re/summary.txt', 'fits_ten_scaled/lc_nugent-hyper_00059/nugent-hyper/pm_lc_nugent-hyper_00059_fit_nugent-hyper_tmax_07/summary.txt', "[Errno 122] Disk quota exceeded: 'fits_ten_scaled/lc_nugent-hyper_00059/nugent-hyper/pm_lc_nugent-hyper_00059_fit_nugent-hyper_tmax_07/summary.txt'"), ('/tmp/tmp_c2eu9re/post_separate.dat', 'fits_ten_scaled/lc_nugent-hyper_00059/nugent-hyper/pm_lc_nugent-hyper_00059_fit_nugent-hyper_tmax_07/post_separate.dat', "[Errno 122] Disk quota exceeded: 'fits_ten_scaled/lc_nugent-hyper_00059/nugent-hyper/pm_lc_nugent-hyper_00059_fit_nugent-hyper_tmax_07/post_separate.dat'"), ('/tmp/tmp_c2eu9re/stats.dat', 'fits_ten_scaled/lc_nugent-hyper_00059/nugent-hyper/pm_lc_nugent-hyper_00059_fit_nugent-hyper_tmax_07/stats.dat', "[Errno 122] Disk quota exceeded: 'fits_ten_scaled/lc_nugent-hyper_00059/nugent-hyper/pm_lc_nugent-hyper_00059_fit_nugent-hyper_tmax_07/stats.dat'"), ('/tmp/tmp_c2eu9re/post_equal_weights.dat', 'fits_ten_scaled/lc_nugent-hyper_00059/nugent-hyper/pm_lc_nugent-hyper_00059_fit_nugent-hyper_tmax_07/post_equal_weights.dat', "[Errno 122] Disk quota exceeded: 'fits_ten_scaled/lc_nugent-hyper_00059/nugent-hyper/pm_lc_nugent-hyper_00059_fit_nugent-hyper_tmax_07/post_equal_weights.dat'"), ('/tmp/tmp_c2eu9re/.txt', 'fits_ten_scaled/lc_nugent-hyper_00059/nugent-hyper/pm_lc_nugent-hyper_00059_fit_nugent-hyper_tmax_07/.txt', "[Errno 122] Disk quota exceeded: 'fits_ten_scaled/lc_nugent-hyper_00059/nugent-hyper/pm_lc_nugent-hyper_00059_fit_nugent-hyper_tmax_07/.txt'"), ('/tmp/tmp_c2eu9re/phys_live.points', 'fits_ten_scaled/lc_nugent-hyper_00059/nugent-hyper/pm_lc_nugent-hyper_00059_fit_nugent-hyper_tmax_07/phys_live.points', "[Errno 122] Disk quota exceeded: 'fits_ten_scaled/lc_nugent-hyper_00059/nugent-hyper/pm_lc_nugent-hyper_00059_fit_nugent-hyper_tmax_07/phys_live.points'"), ('/tmp/tmp_c2eu9re/live.points', 'fits_ten_scaled/lc_nugent-hyper_00059/nugent-hyper/pm_lc_nugent-hyper_00059_fit_nugent-hyper_tmax_07/live.points', "[Errno 122] Disk quota exceeded: 'fits_ten_scaled/lc_nugent-hyper_00059/nugent-hyper/pm_lc_nugent-hyper_00059_fit_nugent-hyper_tmax_07/live.points'"), ('/tmp/tmp_c2eu9re/resume.dat', 'fits_ten_scaled/lc_nugent-hyper_00059/nugent-hyper/pm_lc_nugent-hyper_00059_fit_nugent-hyper_tmax_07/resume.dat', "[Errno 122] Disk quota exceeded: 'fits_ten_scaled/lc_nugent-hyper_00059/nugent-hyper/pm_lc_nugent-hyper_00059_fit_nugent-hyper_tmax_07/resume.dat'"), ('/tmp/tmp_c2eu9re/ev.dat', 'fits_ten_scaled/lc_nugent-hyper_00059/nugent-hyper/pm_lc_nugent-hyper_00059_fit_nugent-hyper_tmax_07/ev.dat', "[Errno 122] Disk quota exceeded: 'fits_ten_scaled/lc_nugent-hyper_00059/nugent-hyper/pm_lc_nugent-hyper_00059_fit_nugent-hyper_tmax_07/ev.dat'")]
14:58 bilby INFO    : Overwriting fits_ten_scaled/lc_nugent-hyper_00059/nugent-hyper/pm_lc_nugent-hyper_00059_fit_nugent-hyper_tmax_07/ with /tmp/tmp_c2eu9re/
Traceback (most recent call last):
  File "/home/cough052/barna314/anaconda3/envs/nmma_canary/bin/light_curve_analysis", line 8, in <module>
    sys.exit(main())
  File "/home/cough052/barna314/anaconda3/envs/nmma_canary/lib/python3.10/site-packages/nmma/em/analysis.py", line 649, in main
    result = bilby.run_sampler(
  File "/home/cough052/barna314/anaconda3/envs/nmma_canary/lib/python3.10/site-packages/bilby/core/sampler/__init__.py", line 234, in run_sampler
    result = sampler.run_sampler()
  File "/home/cough052/barna314/anaconda3/envs/nmma_canary/lib/python3.10/site-packages/bilby/core/sampler/base_sampler.py", line 97, in wrapped
    output = method(self, *args, **kwargs)
  File "/home/cough052/barna314/anaconda3/envs/nmma_canary/lib/python3.10/site-packages/bilby/core/sampler/pymultinest.py", line 164, in run_sampler
    self._clean_up_run_directory()
  File "/home/cough052/barna314/anaconda3/envs/nmma_canary/lib/python3.10/site-packages/bilby/core/sampler/base_sampler.py", line 928, in _clean_up_run_directory
    self._move_temporary_directory_to_proper_path()
  File "/home/cough052/barna314/anaconda3/envs/nmma_canary/lib/python3.10/site-packages/bilby/core/sampler/base_sampler.py", line 969, in _move_temporary_directory_to_proper_path
    self._copy_temporary_directory_contents_to_proper_path()
  File "/home/cough052/barna314/anaconda3/envs/nmma_canary/lib/python3.10/site-packages/bilby/core/sampler/base_sampler.py", line 981, in _copy_temporary_directory_contents_to_proper_path
    shutil.copytree(
  File "/home/cough052/barna314/anaconda3/envs/nmma_canary/lib/python3.10/shutil.py", line 559, in copytree
    return _copytree(entries=entries, src=src, dst=dst, symlinks=symlinks,
  File "/home/cough052/barna314/anaconda3/envs/nmma_canary/lib/python3.10/shutil.py", line 513, in _copytree
    raise Error(errors)
shutil.Error: [('/tmp/tmp_c2eu9re/sampling_time.dat', 'fits_ten_scaled/lc_nugent-hyper_00059/nugent-hyper/pm_lc_nugent-hyper_00059_fit_nugent-hyper_tmax_07/sampling_time.dat', "[Errno 122] Disk quota exceeded: 'fits_ten_scaled/lc_nugent-hyper_00059/nugent-hyper/pm_lc_nugent-hyper_00059_fit_nugent-hyper_tmax_07/sampling_time.dat'"), ('/tmp/tmp_c2eu9re/summary.txt', 'fits_ten_scaled/lc_nugent-hyper_00059/nugent-hyper/pm_lc_nugent-hyper_00059_fit_nugent-hyper_tmax_07/summary.txt', "[Errno 122] Disk quota exceeded: 'fits_ten_scaled/lc_nugent-hyper_00059/nugent-hyper/pm_lc_nugent-hyper_00059_fit_nugent-hyper_tmax_07/summary.txt'"), ('/tmp/tmp_c2eu9re/post_separate.dat', 'fits_ten_scaled/lc_nugent-hyper_00059/nugent-hyper/pm_lc_nugent-hyper_00059_fit_nugent-hyper_tmax_07/post_separate.dat', "[Errno 122] Disk quota exceeded: 'fits_ten_scaled/lc_nugent-hyper_00059/nugent-hyper/pm_lc_nugent-hyper_00059_fit_nugent-hyper_tmax_07/post_separate.dat'"), ('/tmp/tmp_c2eu9re/stats.dat', 'fits_ten_scaled/lc_nugent-hyper_00059/nugent-hyper/pm_lc_nugent-hyper_00059_fit_nugent-hyper_tmax_07/stats.dat', "[Errno 122] Disk quota exceeded: 'fits_ten_scaled/lc_nugent-hyper_00059/nugent-hyper/pm_lc_nugent-hyper_00059_fit_nugent-hyper_tmax_07/stats.dat'"), ('/tmp/tmp_c2eu9re/post_equal_weights.dat', 'fits_ten_scaled/lc_nugent-hyper_00059/nugent-hyper/pm_lc_nugent-hyper_00059_fit_nugent-hyper_tmax_07/post_equal_weights.dat', "[Errno 122] Disk quota exceeded: 'fits_ten_scaled/lc_nugent-hyper_00059/nugent-hyper/pm_lc_nugent-hyper_00059_fit_nugent-hyper_tmax_07/post_equal_weights.dat'"), ('/tmp/tmp_c2eu9re/.txt', 'fits_ten_scaled/lc_nugent-hyper_00059/nugent-hyper/pm_lc_nugent-hyper_00059_fit_nugent-hyper_tmax_07/.txt', "[Errno 122] Disk quota exceeded: 'fits_ten_scaled/lc_nugent-hyper_00059/nugent-hyper/pm_lc_nugent-hyper_00059_fit_nugent-hyper_tmax_07/.txt'"), ('/tmp/tmp_c2eu9re/phys_live.points', 'fits_ten_scaled/lc_nugent-hyper_00059/nugent-hyper/pm_lc_nugent-hyper_00059_fit_nugent-hyper_tmax_07/phys_live.points', "[Errno 122] Disk quota exceeded: 'fits_ten_scaled/lc_nugent-hyper_00059/nugent-hyper/pm_lc_nugent-hyper_00059_fit_nugent-hyper_tmax_07/phys_live.points'"), ('/tmp/tmp_c2eu9re/live.points', 'fits_ten_scaled/lc_nugent-hyper_00059/nugent-hyper/pm_lc_nugent-hyper_00059_fit_nugent-hyper_tmax_07/live.points', "[Errno 122] Disk quota exceeded: 'fits_ten_scaled/lc_nugent-hyper_00059/nugent-hyper/pm_lc_nugent-hyper_00059_fit_nugent-hyper_tmax_07/live.points'"), ('/tmp/tmp_c2eu9re/resume.dat', 'fits_ten_scaled/lc_nugent-hyper_00059/nugent-hyper/pm_lc_nugent-hyper_00059_fit_nugent-hyper_tmax_07/resume.dat', "[Errno 122] Disk quota exceeded: 'fits_ten_scaled/lc_nugent-hyper_00059/nugent-hyper/pm_lc_nugent-hyper_00059_fit_nugent-hyper_tmax_07/resume.dat'"), ('/tmp/tmp_c2eu9re/ev.dat', 'fits_ten_scaled/lc_nugent-hyper_00059/nugent-hyper/pm_lc_nugent-hyper_00059_fit_nugent-hyper_tmax_07/ev.dat', "[Errno 122] Disk quota exceeded: 'fits_ten_scaled/lc_nugent-hyper_00059/nugent-hyper/pm_lc_nugent-hyper_00059_fit_nugent-hyper_tmax_07/ev.dat'")]
