/home/tbarna/.conda/envs/nmma_dev/lib/python3.10/site-packages/astropy/time/formats.py:1580: FutureWarning: Passing (type, 1) or '1type' as a synonym of type is deprecated; in a future version of numpy, it will be understood as (type, (1,)) / '(1,)type'.
  val1_uint32 = val1.view((np.uint32, val1.dtype.itemsize // 4))
13:13 bilby INFO    : Running for label 'lc_ZTF23absbqun_ztf-sedm_fit_TrPi2018_tmax_04', output will be saved to './specialFits/lc_ZTF23absbqun_ztf-sedm/TrPi2018'
Traceback (most recent call last):
  File "/cm/shared/apps/spack/0.17.3/cpu/b/opt/spack/linux-rocky8-zen/gcc-8.5.0/anaconda3-2021.05-q4munrgvh7qp4o7r3nzcdkbuph4z7375/condabin/conda", line 12, in <module>
    from conda.cli import main
ModuleNotFoundError: No module named 'conda'
/home/tbarna/.conda/envs/nmma_dev/lib/python3.10/site-packages/_distutils_hack/__init__.py:33: UserWarning: Setuptools is replacing distutils.
  warnings.warn("Setuptools is replacing distutils.")
13:13 bilby INFO    : Analysis priors:
13:13 bilby INFO    : luminosity_distance=Uniform(minimum=150, maximum=185, name='luminosity_distance', latex_label='$D_L$', unit=None, boundary=None)
13:13 bilby INFO    : timeshift=Uniform(minimum=-0.1, maximum=1.0, name='trigger_time', latex_label='$t_0$', unit=None, boundary=None)
13:13 bilby INFO    : inclination_EM=Sine(minimum=0.0, maximum=0.19634954084936207, name='inclination_EM', latex_label='$\\iota$', unit=None, boundary=None)
13:13 bilby INFO    : log10_n0=Uniform(minimum=-3.0, maximum=3.0, name='log10_n0', latex_label='$\\log_{10}n_0$', unit=None, boundary=None)
13:13 bilby INFO    : p=Uniform(minimum=2.0, maximum=3.0, name='p', latex_label='$p$', unit=None, boundary=None)
13:13 bilby INFO    : log10_epsilon_e=Uniform(minimum=-3.0, maximum=0.0, name='log10_epsilon_e', latex_label='$\\log_{10}\\epsilon_e$', unit=None, boundary=None)
13:13 bilby INFO    : log10_epsilon_B=Uniform(minimum=-3.0, maximum=0.0, name='log10_epsilon_B', latex_label='$\\log_{10}\\epsilon_B$', unit=None, boundary=None)
13:13 bilby INFO    : log10_E0=53.0
13:13 bilby INFO    : thetaCore=0.05
13:13 bilby INFO    : thetaWing=0.1
13:13 bilby INFO    : ksiN=1.0
13:13 bilby INFO    : L0=0.0
13:13 bilby INFO    : dL=3.09e+19
13:13 bilby INFO    : b=6.0
13:13 bilby INFO    : q=0.0
13:13 bilby INFO    : ts=0.0
13:13 bilby INFO    : Ebv=0.0
13:13 bilby INFO    : Analysis likelihood class: <class 'nmma.em.likelihood.OpticalLightCurve'>
13:13 bilby INFO    : Analysis likelihood noise evidence: 0.0
13:14 bilby INFO    : Single likelihood evaluation took 8.538e-02 s
13:14 bilby WARNING : Supplied argument 'queue_size' not an argument of 'Pymultinest', removing.
13:14 bilby WARNING : Supplied argument 'check_point_delta_t' not an argument of 'Pymultinest', removing.
13:14 bilby INFO    : Using sampler Pymultinest with kwargs {'importance_nested_sampling': False, 'resume': True, 'verbose': True, 'sampling_efficiency': 'parameter', 'n_live_points': 1024, 'n_params': 7, 'n_clustering_params': None, 'wrapped_params': None, 'multimodal': True, 'const_efficiency_mode': False, 'evidence_tolerance': 0.5, 'n_iter_before_update': 100, 'null_log_evidence': -1e+90, 'max_modes': 100, 'mode_tolerance': -1e+90, 'seed': 42, 'context': 0, 'write_output': True, 'log_zero': -1e+100, 'max_iter': 0, 'init_MPI': False, 'dump_callback': <bound method Pymultinest._dump_callback of <bilby.core.sampler.pymultinest.Pymultinest object at 0x155536c52620>>}
13:14 bilby INFO    : Using temporary file /tmp/tmpl0hp3rcr
13:17 bilby INFO    : Overwriting ./specialFits/lc_ZTF23absbqun_ztf-sedm/TrPi2018/pm_lc_ZTF23absbqun_ztf-sedm_fit_TrPi2018_tmax_04/ with /tmp/tmpl0hp3rcr/
13:20 bilby INFO    : Overwriting ./specialFits/lc_ZTF23absbqun_ztf-sedm/TrPi2018/pm_lc_ZTF23absbqun_ztf-sedm_fit_TrPi2018_tmax_04/ with /tmp/tmpl0hp3rcr/
13:23 bilby INFO    : Overwriting ./specialFits/lc_ZTF23absbqun_ztf-sedm/TrPi2018/pm_lc_ZTF23absbqun_ztf-sedm_fit_TrPi2018_tmax_04/ with /tmp/tmpl0hp3rcr/
13:27 bilby INFO    : Overwriting ./specialFits/lc_ZTF23absbqun_ztf-sedm/TrPi2018/pm_lc_ZTF23absbqun_ztf-sedm_fit_TrPi2018_tmax_04/ with /tmp/tmpl0hp3rcr/
13:30 bilby INFO    : Overwriting ./specialFits/lc_ZTF23absbqun_ztf-sedm/TrPi2018/pm_lc_ZTF23absbqun_ztf-sedm_fit_TrPi2018_tmax_04/ with /tmp/tmpl0hp3rcr/
13:34 bilby INFO    : Overwriting ./specialFits/lc_ZTF23absbqun_ztf-sedm/TrPi2018/pm_lc_ZTF23absbqun_ztf-sedm_fit_TrPi2018_tmax_04/ with /tmp/tmpl0hp3rcr/
13:39 bilby INFO    : Overwriting ./specialFits/lc_ZTF23absbqun_ztf-sedm/TrPi2018/pm_lc_ZTF23absbqun_ztf-sedm_fit_TrPi2018_tmax_04/ with /tmp/tmpl0hp3rcr/
13:42 bilby INFO    : Overwriting ./specialFits/lc_ZTF23absbqun_ztf-sedm/TrPi2018/pm_lc_ZTF23absbqun_ztf-sedm_fit_TrPi2018_tmax_04/ with /tmp/tmpl0hp3rcr/
13:42 bilby INFO    : Overwriting ./specialFits/lc_ZTF23absbqun_ztf-sedm/TrPi2018/pm_lc_ZTF23absbqun_ztf-sedm_fit_TrPi2018_tmax_04/ with /tmp/tmpl0hp3rcr/
13:42 bilby INFO    : Overwriting ./specialFits/lc_ZTF23absbqun_ztf-sedm/TrPi2018/pm_lc_ZTF23absbqun_ztf-sedm_fit_TrPi2018_tmax_04/ with /tmp/tmpl0hp3rcr/
13:42 bilby INFO    : Sampling time: 0:28:30.494322
13:42 bilby INFO    : Summary of results:
nsamples: 4037
ln_noise_evidence:  0.000
ln_evidence: -22.678 +/-  0.070
ln_bayes_factor: -22.678 +/-  0.070

13:42 bilby INFO    : Writing samples file to /expanse/lustre/projects/umn131/tbarna/specialFits/lc_ZTF23absbqun_ztf-sedm/TrPi2018/lc_ZTF23absbqun_ztf-sedm_fit_TrPi2018_tmax_04_posterior_samples.dat
