/home/tbarna/.conda/envs/nmma_env/lib/python3.10/site-packages/scipy/__init__.py:146: UserWarning: A NumPy version >=1.16.5 and <1.23.0 is required for this version of SciPy (detected version 1.26.0
  warnings.warn(f"A NumPy version >={np_minversion} and <{np_maxversion}"
/home/tbarna/.conda/envs/nmma_env/lib/python3.10/site-packages/astropy/time/formats.py:1580: FutureWarning: Passing (type, 1) or '1type' as a synonym of type is deprecated; in a future version of numpy, it will be understood as (type, (1,)) / '(1,)type'.
  val1_uint32 = val1.view((np.uint32, val1.dtype.itemsize // 4))
15:41 bilby INFO    : Running for label 'lc_nugent-hyper_00001_fit_TrPi2018_tmax_17', output will be saved to './fits_expanse/lc_nugent-hyper_00001/TrPi2018'
Traceback (most recent call last):
  File "/cm/shared/apps/spack/0.17.3/cpu/b/opt/spack/linux-rocky8-zen/gcc-8.5.0/anaconda3-2021.05-q4munrgvh7qp4o7r3nzcdkbuph4z7375/condabin/conda", line 12, in <module>
    from conda.cli import main
ModuleNotFoundError: No module named 'conda'
/home/tbarna/.conda/envs/nmma_env/lib/python3.10/site-packages/_distutils_hack/__init__.py:33: UserWarning: Setuptools is replacing distutils.
  warnings.warn("Setuptools is replacing distutils.")
15:41 bilby INFO    : Analysis priors:
15:41 bilby INFO    : luminosity_distance=Uniform(minimum=150, maximum=185, name='luminosity_distance', latex_label='$D_L$', unit=None, boundary=None)
15:41 bilby INFO    : KNtimeshift=Uniform(minimum=-0.1, maximum=1.0, name='trigger_time', latex_label='$t_0$', unit=None, boundary=None)
15:41 bilby INFO    : inclination_EM=Sine(minimum=0.0, maximum=0.19634954084936207, name='inclination_EM', latex_label='$\\iota$', unit=None, boundary=None)
15:41 bilby INFO    : log10_n0=Uniform(minimum=-3.0, maximum=3.0, name='log10_n0', latex_label='$\\log_{10}n_0$', unit=None, boundary=None)
15:41 bilby INFO    : p=Uniform(minimum=2.0, maximum=3.0, name='p', latex_label='$p$', unit=None, boundary=None)
15:41 bilby INFO    : log10_epsilon_e=Uniform(minimum=-3.0, maximum=0.0, name='log10_epsilon_e', latex_label='$\\log_{10}\\epsilon_e$', unit=None, boundary=None)
15:41 bilby INFO    : log10_epsilon_B=Uniform(minimum=-3.0, maximum=0.0, name='log10_epsilon_B', latex_label='$\\log_{10}\\epsilon_B$', unit=None, boundary=None)
15:41 bilby INFO    : Ebv=Interped(xx=array([0.    , 0.5724]), yy=array([3.4940601, 0.       ]), minimum=0.0, maximum=0.5724, name='Ebv', latex_label='$E(B-V)$', unit=None, boundary=None)
15:41 bilby INFO    : log10_E0=53.0
15:41 bilby INFO    : thetaCore=0.05
15:41 bilby INFO    : thetaWing=0.1
15:41 bilby INFO    : ksiN=1.0
15:41 bilby INFO    : L0=0.0
15:41 bilby INFO    : dL=3.09e+19
15:41 bilby INFO    : b=6.0
15:41 bilby INFO    : q=0.0
15:41 bilby INFO    : ts=0.0
15:41 bilby INFO    : Analysis likelihood class: <class 'nmma.em.likelihood.OpticalLightCurve'>
15:41 bilby INFO    : Analysis likelihood noise evidence: 0.0
15:41 bilby INFO    : Single likelihood evaluation took 6.731e-02 s
15:41 bilby WARNING : Supplied argument 'queue_size' not an argument of 'Pymultinest', removing.
15:41 bilby WARNING : Supplied argument 'check_point_delta_t' not an argument of 'Pymultinest', removing.
15:41 bilby INFO    : Using sampler Pymultinest with kwargs {'importance_nested_sampling': False, 'resume': True, 'verbose': True, 'sampling_efficiency': 'parameter', 'n_live_points': 1024, 'n_params': 8, 'n_clustering_params': None, 'wrapped_params': None, 'multimodal': True, 'const_efficiency_mode': False, 'evidence_tolerance': 0.5, 'n_iter_before_update': 100, 'null_log_evidence': -1e+90, 'max_modes': 100, 'mode_tolerance': -1e+90, 'seed': 42, 'context': 0, 'write_output': True, 'log_zero': -1e+100, 'max_iter': 0, 'init_MPI': False, 'dump_callback': <bound method Pymultinest._dump_callback of <bilby.core.sampler.pymultinest.Pymultinest object at 0x155536c75c30>>}
15:41 bilby INFO    : Using temporary file /tmp/tmpll_btgqk
15:44 bilby INFO    : Overwriting ./fits_expanse/lc_nugent-hyper_00001/TrPi2018/pm_lc_nugent-hyper_00001_fit_TrPi2018_tmax_17/ with /tmp/tmpll_btgqk/
15:46 bilby INFO    : Overwriting ./fits_expanse/lc_nugent-hyper_00001/TrPi2018/pm_lc_nugent-hyper_00001_fit_TrPi2018_tmax_17/ with /tmp/tmpll_btgqk/
15:48 bilby INFO    : Overwriting ./fits_expanse/lc_nugent-hyper_00001/TrPi2018/pm_lc_nugent-hyper_00001_fit_TrPi2018_tmax_17/ with /tmp/tmpll_btgqk/
15:51 bilby INFO    : Overwriting ./fits_expanse/lc_nugent-hyper_00001/TrPi2018/pm_lc_nugent-hyper_00001_fit_TrPi2018_tmax_17/ with /tmp/tmpll_btgqk/
15:53 bilby INFO    : Overwriting ./fits_expanse/lc_nugent-hyper_00001/TrPi2018/pm_lc_nugent-hyper_00001_fit_TrPi2018_tmax_17/ with /tmp/tmpll_btgqk/
15:56 bilby INFO    : Overwriting ./fits_expanse/lc_nugent-hyper_00001/TrPi2018/pm_lc_nugent-hyper_00001_fit_TrPi2018_tmax_17/ with /tmp/tmpll_btgqk/
15:59 bilby INFO    : Overwriting ./fits_expanse/lc_nugent-hyper_00001/TrPi2018/pm_lc_nugent-hyper_00001_fit_TrPi2018_tmax_17/ with /tmp/tmpll_btgqk/
16:01 bilby INFO    : Overwriting ./fits_expanse/lc_nugent-hyper_00001/TrPi2018/pm_lc_nugent-hyper_00001_fit_TrPi2018_tmax_17/ with /tmp/tmpll_btgqk/
16:04 bilby INFO    : Overwriting ./fits_expanse/lc_nugent-hyper_00001/TrPi2018/pm_lc_nugent-hyper_00001_fit_TrPi2018_tmax_17/ with /tmp/tmpll_btgqk/
16:07 bilby INFO    : Overwriting ./fits_expanse/lc_nugent-hyper_00001/TrPi2018/pm_lc_nugent-hyper_00001_fit_TrPi2018_tmax_17/ with /tmp/tmpll_btgqk/
16:10 bilby INFO    : Overwriting ./fits_expanse/lc_nugent-hyper_00001/TrPi2018/pm_lc_nugent-hyper_00001_fit_TrPi2018_tmax_17/ with /tmp/tmpll_btgqk/
16:13 bilby INFO    : Overwriting ./fits_expanse/lc_nugent-hyper_00001/TrPi2018/pm_lc_nugent-hyper_00001_fit_TrPi2018_tmax_17/ with /tmp/tmpll_btgqk/
16:15 bilby INFO    : Overwriting ./fits_expanse/lc_nugent-hyper_00001/TrPi2018/pm_lc_nugent-hyper_00001_fit_TrPi2018_tmax_17/ with /tmp/tmpll_btgqk/
16:18 bilby INFO    : Overwriting ./fits_expanse/lc_nugent-hyper_00001/TrPi2018/pm_lc_nugent-hyper_00001_fit_TrPi2018_tmax_17/ with /tmp/tmpll_btgqk/
16:20 bilby INFO    : Overwriting ./fits_expanse/lc_nugent-hyper_00001/TrPi2018/pm_lc_nugent-hyper_00001_fit_TrPi2018_tmax_17/ with /tmp/tmpll_btgqk/
16:22 bilby INFO    : Overwriting ./fits_expanse/lc_nugent-hyper_00001/TrPi2018/pm_lc_nugent-hyper_00001_fit_TrPi2018_tmax_17/ with /tmp/tmpll_btgqk/
16:25 bilby INFO    : Overwriting ./fits_expanse/lc_nugent-hyper_00001/TrPi2018/pm_lc_nugent-hyper_00001_fit_TrPi2018_tmax_17/ with /tmp/tmpll_btgqk/
16:27 bilby INFO    : Overwriting ./fits_expanse/lc_nugent-hyper_00001/TrPi2018/pm_lc_nugent-hyper_00001_fit_TrPi2018_tmax_17/ with /tmp/tmpll_btgqk/
16:29 bilby INFO    : Overwriting ./fits_expanse/lc_nugent-hyper_00001/TrPi2018/pm_lc_nugent-hyper_00001_fit_TrPi2018_tmax_17/ with /tmp/tmpll_btgqk/
16:32 bilby INFO    : Overwriting ./fits_expanse/lc_nugent-hyper_00001/TrPi2018/pm_lc_nugent-hyper_00001_fit_TrPi2018_tmax_17/ with /tmp/tmpll_btgqk/
16:32 bilby INFO    : Overwriting ./fits_expanse/lc_nugent-hyper_00001/TrPi2018/pm_lc_nugent-hyper_00001_fit_TrPi2018_tmax_17/ with /tmp/tmpll_btgqk/
16:32 bilby INFO    : Overwriting ./fits_expanse/lc_nugent-hyper_00001/TrPi2018/pm_lc_nugent-hyper_00001_fit_TrPi2018_tmax_17/ with /tmp/tmpll_btgqk/
16:32 bilby INFO    : Overwriting ./fits_expanse/lc_nugent-hyper_00001/TrPi2018/pm_lc_nugent-hyper_00001_fit_TrPi2018_tmax_17/ with /tmp/tmpll_btgqk/
16:32 bilby INFO    : Sampling time: 0:50:45.396927
16:32 bilby INFO    : Summary of results:
nsamples: 8015
ln_noise_evidence:  0.000
ln_evidence: -62.799 +/-  0.118
ln_bayes_factor: -62.799 +/-  0.118

16:32 bilby INFO    : Writing samples file to /home/tbarna/dsmma_kn_23/fits_expanse/lc_nugent-hyper_00001/TrPi2018/lc_nugent-hyper_00001_fit_TrPi2018_tmax_17_posterior_samples.dat
