/home/cough052/barna314/anaconda3/envs/nmma_env/lib/python3.10/site-packages/astropy/time/formats.py:1580: FutureWarning: Passing (type, 1) or '1type' as a synonym of type is deprecated; in a future version of numpy, it will be understood as (type, (1,)) / '(1,)type'.
  val1_uint32 = val1.view((np.uint32, val1.dtype.itemsize // 4))
17:46 bilby INFO    : Running for label 'lc_TrPi2018_00000_fit_nugent-hyper_tmax_09', output will be saved to 'fits_msi/lc_TrPi2018_00000/nugent-hyper'
17:46 bilby INFO    : Analysis priors:
17:46 bilby INFO    : luminosity_distance=Uniform(minimum=150, maximum=225, name='luminosity_distance', latex_label='$D_L$', unit=None, boundary=None)
17:46 bilby INFO    : KNtimeshift=Uniform(minimum=-1.0, maximum=1.0, name='trigger_time', latex_label='$t_0$', unit=None, boundary=None)
17:46 bilby INFO    : supernova_mag_boost=Uniform(minimum=-5.0, maximum=5.0, name='supernova_mag_boost', latex_label='$\\rm{SNmag}$', unit=None, boundary=None)
17:46 bilby INFO    : Ebv=Interped(xx=array([0.    , 0.5724]), yy=array([3.4940601, 0.       ]), minimum=0.0, maximum=0.5724, name='Ebv', latex_label='$E(B-V)$', unit=None, boundary=None)
17:46 bilby INFO    : Analysis likelihood class: <class 'nmma.em.likelihood.OpticalLightCurve'>
17:46 bilby INFO    : Analysis likelihood noise evidence: 0.0
17:46 bilby INFO    : Single likelihood evaluation took 1.179e-02 s
17:46 bilby WARNING : Supplied argument 'queue_size' not an argument of 'Pymultinest', removing.
17:46 bilby WARNING : Supplied argument 'check_point_delta_t' not an argument of 'Pymultinest', removing.
17:46 bilby INFO    : Using sampler Pymultinest with kwargs {'importance_nested_sampling': False, 'resume': True, 'verbose': True, 'sampling_efficiency': 'parameter', 'n_live_points': 1024, 'n_params': 4, 'n_clustering_params': None, 'wrapped_params': None, 'multimodal': True, 'const_efficiency_mode': False, 'evidence_tolerance': 0.5, 'n_iter_before_update': 100, 'null_log_evidence': -1e+90, 'max_modes': 100, 'mode_tolerance': -1e+90, 'seed': 42, 'context': 0, 'write_output': True, 'log_zero': -1e+100, 'max_iter': 0, 'init_MPI': False, 'dump_callback': <bound method Pymultinest._dump_callback of <bilby.core.sampler.pymultinest.Pymultinest object at 0x7f021a4ae920>>}
17:46 bilby INFO    : Using temporary file /tmp/tmp0nc9acl8
17:46 bilby INFO    : Overwriting fits_msi/lc_TrPi2018_00000/nugent-hyper/pm_lc_TrPi2018_00000_fit_nugent-hyper_tmax_09/ with /tmp/tmp0nc9acl8/
17:47 bilby INFO    : Overwriting fits_msi/lc_TrPi2018_00000/nugent-hyper/pm_lc_TrPi2018_00000_fit_nugent-hyper_tmax_09/ with /tmp/tmp0nc9acl8/
17:47 bilby INFO    : Overwriting fits_msi/lc_TrPi2018_00000/nugent-hyper/pm_lc_TrPi2018_00000_fit_nugent-hyper_tmax_09/ with /tmp/tmp0nc9acl8/
17:47 bilby INFO    : Overwriting fits_msi/lc_TrPi2018_00000/nugent-hyper/pm_lc_TrPi2018_00000_fit_nugent-hyper_tmax_09/ with /tmp/tmp0nc9acl8/
17:47 bilby INFO    : Overwriting fits_msi/lc_TrPi2018_00000/nugent-hyper/pm_lc_TrPi2018_00000_fit_nugent-hyper_tmax_09/ with /tmp/tmp0nc9acl8/
17:47 bilby INFO    : Overwriting fits_msi/lc_TrPi2018_00000/nugent-hyper/pm_lc_TrPi2018_00000_fit_nugent-hyper_tmax_09/ with /tmp/tmp0nc9acl8/
17:47 bilby INFO    : Sampling time: 0:01:27.917481
17:47 bilby INFO    : Summary of results:
nsamples: 3291
ln_noise_evidence:  0.000
ln_evidence: -6.292 +/-  0.040
ln_bayes_factor: -6.292 +/-  0.040

17:47 bilby INFO    : Writing samples file to /panfs/jay/groups/32/cough052/barna314/dsmma_kn_23/fits_msi/lc_TrPi2018_00000/nugent-hyper/lc_TrPi2018_00000_fit_nugent-hyper_tmax_09_posterior_samples.dat
