/home/tbarna/.conda/envs/nmma_dev/lib/python3.10/site-packages/astropy/time/formats.py:1580: FutureWarning: Passing (type, 1) or '1type' as a synonym of type is deprecated; in a future version of numpy, it will be understood as (type, (1,)) / '(1,)type'.
  val1_uint32 = val1.view((np.uint32, val1.dtype.itemsize // 4))
12:36 bilby INFO    : Running for label 'lc_Bu2019lm_00000_fit_Piro2021_tmax_09', output will be saved to 'model_recovery_timestep/lc_Bu2019lm_00000/Piro2021'
Traceback (most recent call last):
  File "/cm/shared/apps/spack/0.17.3/cpu/b/opt/spack/linux-rocky8-zen/gcc-8.5.0/anaconda3-2021.05-q4munrgvh7qp4o7r3nzcdkbuph4z7375/condabin/conda", line 12, in <module>
    from conda.cli import main
ModuleNotFoundError: No module named 'conda'
/home/tbarna/.conda/envs/nmma_dev/lib/python3.10/site-packages/_distutils_hack/__init__.py:33: UserWarning: Setuptools is replacing distutils.
  warnings.warn("Setuptools is replacing distutils.")
12:36 bilby INFO    : Analysis priors:
12:36 bilby INFO    : luminosity_distance=Uniform(minimum=0.0, maximum=1000.0, name='luminosity_distance', latex_label='$D_L$', unit=None, boundary=None)
12:36 bilby INFO    : timeshift=Uniform(minimum=-2.0, maximum=0.0, name='trigger_time', latex_label='$t_0$', unit=None, boundary=None)
12:36 bilby INFO    : log10_Menv=Uniform(minimum=-5.0, maximum=0.0, name='log10_Menv', latex_label='$\\log_{10}M^{\\rm{env}}$', unit=None, boundary=None)
12:36 bilby INFO    : log10_Renv=Uniform(minimum=10.0, maximum=15, name='log10_Renv', latex_label='$\\log_{10}R^{\\rm{env}}$', unit=None, boundary=None)
12:36 bilby INFO    : log10_Ee=Uniform(minimum=47.0, maximum=52.0, name='log10_Eext', latex_label='$\\log_{10}E^{\\rm{e}}$', unit=None, boundary=None)
12:36 bilby INFO    : Ebv=0.0
12:36 bilby INFO    : Analysis likelihood class: <class 'nmma.em.likelihood.OpticalLightCurve'>
12:36 bilby INFO    : Analysis likelihood noise evidence: 0.0
12:36 bilby INFO    : Single likelihood evaluation took 4.017e-03 s
12:36 bilby WARNING : Supplied argument 'queue_size' not an argument of 'Pymultinest', removing.
12:36 bilby WARNING : Supplied argument 'check_point_delta_t' not an argument of 'Pymultinest', removing.
12:36 bilby INFO    : Using sampler Pymultinest with kwargs {'importance_nested_sampling': False, 'resume': True, 'verbose': True, 'sampling_efficiency': 'parameter', 'n_live_points': 1024, 'n_params': 5, 'n_clustering_params': None, 'wrapped_params': None, 'multimodal': True, 'const_efficiency_mode': False, 'evidence_tolerance': 0.5, 'n_iter_before_update': 100, 'null_log_evidence': -1e+90, 'max_modes': 100, 'mode_tolerance': -1e+90, 'seed': 42, 'context': 0, 'write_output': True, 'log_zero': -1e+100, 'max_iter': 0, 'init_MPI': False, 'dump_callback': <bound method Pymultinest._dump_callback of <bilby.core.sampler.pymultinest.Pymultinest object at 0x155536bff880>>}
12:36 bilby INFO    : Using temporary file /tmp/tmp_dzj3e95
12:36 bilby INFO    : Overwriting model_recovery_timestep/lc_Bu2019lm_00000/Piro2021/pm_lc_Bu2019lm_00000_fit_Piro2021_tmax_09/ with /tmp/tmp_dzj3e95/
12:36 bilby INFO    : Overwriting model_recovery_timestep/lc_Bu2019lm_00000/Piro2021/pm_lc_Bu2019lm_00000_fit_Piro2021_tmax_09/ with /tmp/tmp_dzj3e95/
12:37 bilby INFO    : Overwriting model_recovery_timestep/lc_Bu2019lm_00000/Piro2021/pm_lc_Bu2019lm_00000_fit_Piro2021_tmax_09/ with /tmp/tmp_dzj3e95/
12:37 bilby INFO    : Overwriting model_recovery_timestep/lc_Bu2019lm_00000/Piro2021/pm_lc_Bu2019lm_00000_fit_Piro2021_tmax_09/ with /tmp/tmp_dzj3e95/
12:37 bilby INFO    : Overwriting model_recovery_timestep/lc_Bu2019lm_00000/Piro2021/pm_lc_Bu2019lm_00000_fit_Piro2021_tmax_09/ with /tmp/tmp_dzj3e95/
12:37 bilby INFO    : Overwriting model_recovery_timestep/lc_Bu2019lm_00000/Piro2021/pm_lc_Bu2019lm_00000_fit_Piro2021_tmax_09/ with /tmp/tmp_dzj3e95/
12:37 bilby INFO    : Overwriting model_recovery_timestep/lc_Bu2019lm_00000/Piro2021/pm_lc_Bu2019lm_00000_fit_Piro2021_tmax_09/ with /tmp/tmp_dzj3e95/
12:37 bilby INFO    : Overwriting model_recovery_timestep/lc_Bu2019lm_00000/Piro2021/pm_lc_Bu2019lm_00000_fit_Piro2021_tmax_09/ with /tmp/tmp_dzj3e95/
12:38 bilby INFO    : Overwriting model_recovery_timestep/lc_Bu2019lm_00000/Piro2021/pm_lc_Bu2019lm_00000_fit_Piro2021_tmax_09/ with /tmp/tmp_dzj3e95/
12:38 bilby INFO    : Overwriting model_recovery_timestep/lc_Bu2019lm_00000/Piro2021/pm_lc_Bu2019lm_00000_fit_Piro2021_tmax_09/ with /tmp/tmp_dzj3e95/
12:38 bilby INFO    : Overwriting model_recovery_timestep/lc_Bu2019lm_00000/Piro2021/pm_lc_Bu2019lm_00000_fit_Piro2021_tmax_09/ with /tmp/tmp_dzj3e95/
12:38 bilby INFO    : Overwriting model_recovery_timestep/lc_Bu2019lm_00000/Piro2021/pm_lc_Bu2019lm_00000_fit_Piro2021_tmax_09/ with /tmp/tmp_dzj3e95/
12:38 bilby INFO    : Overwriting model_recovery_timestep/lc_Bu2019lm_00000/Piro2021/pm_lc_Bu2019lm_00000_fit_Piro2021_tmax_09/ with /tmp/tmp_dzj3e95/
12:39 bilby INFO    : Overwriting model_recovery_timestep/lc_Bu2019lm_00000/Piro2021/pm_lc_Bu2019lm_00000_fit_Piro2021_tmax_09/ with /tmp/tmp_dzj3e95/
12:39 bilby INFO    : Overwriting model_recovery_timestep/lc_Bu2019lm_00000/Piro2021/pm_lc_Bu2019lm_00000_fit_Piro2021_tmax_09/ with /tmp/tmp_dzj3e95/
12:39 bilby INFO    : Overwriting model_recovery_timestep/lc_Bu2019lm_00000/Piro2021/pm_lc_Bu2019lm_00000_fit_Piro2021_tmax_09/ with /tmp/tmp_dzj3e95/
12:39 bilby INFO    : Overwriting model_recovery_timestep/lc_Bu2019lm_00000/Piro2021/pm_lc_Bu2019lm_00000_fit_Piro2021_tmax_09/ with /tmp/tmp_dzj3e95/
12:39 bilby INFO    : Overwriting model_recovery_timestep/lc_Bu2019lm_00000/Piro2021/pm_lc_Bu2019lm_00000_fit_Piro2021_tmax_09/ with /tmp/tmp_dzj3e95/
12:39 bilby INFO    : Overwriting model_recovery_timestep/lc_Bu2019lm_00000/Piro2021/pm_lc_Bu2019lm_00000_fit_Piro2021_tmax_09/ with /tmp/tmp_dzj3e95/
12:39 bilby INFO    : Sampling time: 0:02:55.414697
12:39 bilby INFO    : Summary of results:
nsamples: 6758
ln_noise_evidence:  0.000
ln_evidence: -32.259 +/-  0.109
ln_bayes_factor: -32.259 +/-  0.109

12:39 bilby INFO    : Writing samples file to /expanse/lustre/projects/umn131/tbarna/model_recovery_timestep/lc_Bu2019lm_00000/Piro2021/lc_Bu2019lm_00000_fit_Piro2021_tmax_09_posterior_samples.dat
