/home/cough052/barna314/anaconda3/envs/nmma_canary/lib/python3.10/site-packages/astropy/time/formats.py:1580: FutureWarning: Passing (type, 1) or '1type' as a synonym of type is deprecated; in a future version of numpy, it will be understood as (type, (1,)) / '(1,)type'.
  val1_uint32 = val1.view((np.uint32, val1.dtype.itemsize // 4))
15:18 bilby INFO    : Running for label 'lc_TrPi2018_00005_fit_TrPi2018_tmax_19', output will be saved to 'fits_ten_scaled-2023-08-31_14:38:43/lc_TrPi2018_00005/TrPi2018'
15:18 bilby INFO    : Analysis priors:
15:18 bilby INFO    : luminosity_distance=Uniform(minimum=150, maximum=185, name='luminosity_distance', latex_label='$D_L$', unit=None, boundary=None)
15:18 bilby INFO    : KNtimeshift=Uniform(minimum=-0.1, maximum=1.0, name='trigger_time', latex_label='$t_0$', unit=None, boundary=None)
15:18 bilby INFO    : inclination_EM=Sine(minimum=0.0, maximum=0.19634954084936207, name='inclination_EM', latex_label='$\\iota$', unit=None, boundary=None)
15:18 bilby INFO    : log10_n0=Uniform(minimum=-3.0, maximum=3.0, name='log10_n0', latex_label='$\\log_{10}n_0$', unit=None, boundary=None)
15:18 bilby INFO    : p=Uniform(minimum=2.0, maximum=3.0, name='p', latex_label='$p$', unit=None, boundary=None)
15:18 bilby INFO    : log10_epsilon_e=Uniform(minimum=-3.0, maximum=0.0, name='log10_epsilon_e', latex_label='$\\log_{10}\\epsilon_e$', unit=None, boundary=None)
15:18 bilby INFO    : log10_epsilon_B=Uniform(minimum=-3.0, maximum=0.0, name='log10_epsilon_B', latex_label='$\\log_{10}\\epsilon_B$', unit=None, boundary=None)
15:18 bilby INFO    : Ebv=Interped(xx=array([0.    , 0.5724]), yy=array([3.4940601, 0.       ]), minimum=0.0, maximum=0.5724, name='Ebv', latex_label='$E(B-V)$', unit=None, boundary=None)
15:18 bilby INFO    : log10_E0=53.0
15:18 bilby INFO    : thetaCore=0.05
15:18 bilby INFO    : thetaWing=0.1
15:18 bilby INFO    : ksiN=1.0
15:18 bilby INFO    : L0=0.0
15:18 bilby INFO    : dL=3.09e+19
15:18 bilby INFO    : b=6.0
15:18 bilby INFO    : q=0.0
15:18 bilby INFO    : ts=0.0
15:18 bilby INFO    : Analysis likelihood class: <class 'nmma.em.likelihood.OpticalLightCurve'>
15:18 bilby INFO    : Analysis likelihood noise evidence: 0.0
15:19 bilby INFO    : Single likelihood evaluation took 1.412e-01 s
15:19 bilby WARNING : Supplied argument 'queue_size' not an argument of 'Pymultinest', removing.
15:19 bilby WARNING : Supplied argument 'check_point_delta_t' not an argument of 'Pymultinest', removing.
15:19 bilby INFO    : Using sampler Pymultinest with kwargs {'importance_nested_sampling': False, 'resume': True, 'verbose': True, 'sampling_efficiency': 'parameter', 'n_live_points': 1024, 'n_params': 8, 'n_clustering_params': None, 'wrapped_params': None, 'multimodal': True, 'const_efficiency_mode': False, 'evidence_tolerance': 0.5, 'n_iter_before_update': 100, 'null_log_evidence': -1e+90, 'max_modes': 100, 'mode_tolerance': -1e+90, 'seed': 42, 'context': 0, 'write_output': True, 'log_zero': -1e+100, 'max_iter': 0, 'init_MPI': False, 'dump_callback': <bound method Pymultinest._dump_callback of <bilby.core.sampler.pymultinest.Pymultinest object at 0x7f2a68f073d0>>}
15:19 bilby INFO    : Using temporary file /tmp/tmp5b9mlb2_
15:21 bilby INFO    : Overwriting fits_ten_scaled-2023-08-31_14:38:43/lc_TrPi2018_00005/TrPi2018/pm_lc_TrPi2018_00005_fit_TrPi2018_tmax_19/ with /tmp/tmp5b9mlb2_/
15:21 bilby INFO    : Overwriting fits_ten_scaled-2023-08-31_14:38:43/lc_TrPi2018_00005/TrPi2018/pm_lc_TrPi2018_00005_fit_TrPi2018_tmax_19/ with /tmp/tmp5b9mlb2_/
/home/cough052/barna314/anaconda3/envs/nmma_canary/lib/python3.10/site-packages/bilby/core/sampler/pymultinest.py:193: UserWarning: genfromtxt: Empty input file: "fits_ten_scaled-2023-08-31_14:38:43/lc_TrPi2018_00005/TrPi2018/pm_lc_TrPi2018_00005_fit_TrPi2018_tmax_19//ev.dat"
  dead_points = np.genfromtxt(dir_ + "/ev.dat")
Traceback (most recent call last):
  File "/home/cough052/barna314/anaconda3/envs/nmma_canary/bin/light_curve_analysis", line 8, in <module>
    sys.exit(main())
  File "/home/cough052/barna314/anaconda3/envs/nmma_canary/lib/python3.10/site-packages/nmma/em/analysis.py", line 649, in main
    result = bilby.run_sampler(
  File "/home/cough052/barna314/anaconda3/envs/nmma_canary/lib/python3.10/site-packages/bilby/core/sampler/__init__.py", line 234, in run_sampler
    result = sampler.run_sampler()
  File "/home/cough052/barna314/anaconda3/envs/nmma_canary/lib/python3.10/site-packages/bilby/core/sampler/base_sampler.py", line 97, in wrapped
    output = method(self, *args, **kwargs)
  File "/home/cough052/barna314/anaconda3/envs/nmma_canary/lib/python3.10/site-packages/bilby/core/sampler/pymultinest.py", line 178, in run_sampler
    self.result.nested_samples = self._nested_samples
  File "/home/cough052/barna314/anaconda3/envs/nmma_canary/lib/python3.10/site-packages/bilby/core/sampler/pymultinest.py", line 201, in _nested_samples
    np.vstack([dead_points, live_points]).copy(),
  File "/home/cough052/barna314/anaconda3/envs/nmma_canary/lib/python3.10/site-packages/numpy/core/shape_base.py", line 289, in vstack
    return _nx.concatenate(arrs, 0, dtype=dtype, casting=casting)
ValueError: all the input array dimensions except for the concatenation axis must match exactly, but along dimension 1, the array at index 0 has size 0 and the array at index 1 has size 11
