/home/cough052/barna314/anaconda3/envs/nmma_env/lib/python3.10/site-packages/astropy/time/formats.py:1580: FutureWarning: Passing (type, 1) or '1type' as a synonym of type is deprecated; in a future version of numpy, it will be understood as (type, (1,)) / '(1,)type'.
  val1_uint32 = val1.view((np.uint32, val1.dtype.itemsize // 4))
17:48 bilby INFO    : Running for label 'lc_nugent-hyper_00000_fit_Me2017_tmax_19', output will be saved to 'fits_msi/lc_nugent-hyper_00000/Me2017'
17:48 bilby INFO    : Analysis priors:
17:48 bilby INFO    : luminosity_distance=Uniform(minimum=0.0, maximum=200.0, name='luminosity_distance', latex_label='$D_L$', unit=None, boundary=None)
17:48 bilby INFO    : beta=Uniform(minimum=1.0, maximum=5.0, name='beta', latex_label='$\\beta$', unit=None, boundary=None)
17:48 bilby INFO    : log10_kappa_r=Uniform(minimum=-1.0, maximum=2.0, name='log10_kappa_r', latex_label='$\\log_{10}\\kappa_r$', unit=None, boundary=None)
17:48 bilby INFO    : KNtimeshift=Uniform(minimum=-2.0, maximum=1.0, name='trigger_time', latex_label='$t_0$', unit=None, boundary=None)
17:48 bilby INFO    : log10_vej=Uniform(minimum=-2.0, maximum=-0.5, name='log10_vej', latex_label='$\\log_{10}v^{\\rm{ej}}$', unit=None, boundary=None)
17:48 bilby INFO    : log10_mej=Uniform(minimum=-3.0, maximum=-0.5, name='log10_mej', latex_label='$\\log_{10}M^{\\rm{ej}}$', unit=None, boundary=None)
17:48 bilby INFO    : Ebv=Interped(xx=array([0.    , 0.5724]), yy=array([3.4940601, 0.       ]), minimum=0.0, maximum=0.5724, name='Ebv', latex_label='$E(B-V)$', unit=None, boundary=None)
17:48 bilby INFO    : Analysis likelihood class: <class 'nmma.em.likelihood.OpticalLightCurve'>
17:48 bilby INFO    : Analysis likelihood noise evidence: 0.0
/home/cough052/barna314/anaconda3/envs/nmma_env/lib/python3.10/site-packages/nmma-0.0.19-py3.10.egg/nmma/em/utils.py:984: RuntimeWarning: invalid value encountered in divide
  Tobs = 1e10 * (Ltot / (4 * np.pi * Rphoto**2 * sigSB)) ** (0.25)
17:48 bilby INFO    : Single likelihood evaluation took 1.272e-02 s
17:48 bilby WARNING : Supplied argument 'queue_size' not an argument of 'Pymultinest', removing.
17:48 bilby WARNING : Supplied argument 'check_point_delta_t' not an argument of 'Pymultinest', removing.
17:48 bilby INFO    : Using sampler Pymultinest with kwargs {'importance_nested_sampling': False, 'resume': True, 'verbose': True, 'sampling_efficiency': 'parameter', 'n_live_points': 1024, 'n_params': 7, 'n_clustering_params': None, 'wrapped_params': None, 'multimodal': True, 'const_efficiency_mode': False, 'evidence_tolerance': 0.5, 'n_iter_before_update': 100, 'null_log_evidence': -1e+90, 'max_modes': 100, 'mode_tolerance': -1e+90, 'seed': 42, 'context': 0, 'write_output': True, 'log_zero': -1e+100, 'max_iter': 0, 'init_MPI': False, 'dump_callback': <bound method Pymultinest._dump_callback of <bilby.core.sampler.pymultinest.Pymultinest object at 0x7f2b59fefc10>>}
17:48 bilby INFO    : Using temporary file /tmp/tmp_sr88y5k
17:48 bilby INFO    : Overwriting fits_msi/lc_nugent-hyper_00000/Me2017/pm_lc_nugent-hyper_00000_fit_Me2017_tmax_19/ with /tmp/tmp_sr88y5k/
17:49 bilby INFO    : Overwriting fits_msi/lc_nugent-hyper_00000/Me2017/pm_lc_nugent-hyper_00000_fit_Me2017_tmax_19/ with /tmp/tmp_sr88y5k/
17:49 bilby INFO    : Overwriting fits_msi/lc_nugent-hyper_00000/Me2017/pm_lc_nugent-hyper_00000_fit_Me2017_tmax_19/ with /tmp/tmp_sr88y5k/
17:50 bilby INFO    : Overwriting fits_msi/lc_nugent-hyper_00000/Me2017/pm_lc_nugent-hyper_00000_fit_Me2017_tmax_19/ with /tmp/tmp_sr88y5k/
17:50 bilby INFO    : Overwriting fits_msi/lc_nugent-hyper_00000/Me2017/pm_lc_nugent-hyper_00000_fit_Me2017_tmax_19/ with /tmp/tmp_sr88y5k/
17:51 bilby INFO    : Overwriting fits_msi/lc_nugent-hyper_00000/Me2017/pm_lc_nugent-hyper_00000_fit_Me2017_tmax_19/ with /tmp/tmp_sr88y5k/
17:51 bilby INFO    : Overwriting fits_msi/lc_nugent-hyper_00000/Me2017/pm_lc_nugent-hyper_00000_fit_Me2017_tmax_19/ with /tmp/tmp_sr88y5k/
17:51 bilby INFO    : Overwriting fits_msi/lc_nugent-hyper_00000/Me2017/pm_lc_nugent-hyper_00000_fit_Me2017_tmax_19/ with /tmp/tmp_sr88y5k/
17:52 bilby INFO    : Overwriting fits_msi/lc_nugent-hyper_00000/Me2017/pm_lc_nugent-hyper_00000_fit_Me2017_tmax_19/ with /tmp/tmp_sr88y5k/
17:52 bilby INFO    : Overwriting fits_msi/lc_nugent-hyper_00000/Me2017/pm_lc_nugent-hyper_00000_fit_Me2017_tmax_19/ with /tmp/tmp_sr88y5k/
17:53 bilby INFO    : Overwriting fits_msi/lc_nugent-hyper_00000/Me2017/pm_lc_nugent-hyper_00000_fit_Me2017_tmax_19/ with /tmp/tmp_sr88y5k/
17:53 bilby INFO    : Overwriting fits_msi/lc_nugent-hyper_00000/Me2017/pm_lc_nugent-hyper_00000_fit_Me2017_tmax_19/ with /tmp/tmp_sr88y5k/
17:54 bilby INFO    : Overwriting fits_msi/lc_nugent-hyper_00000/Me2017/pm_lc_nugent-hyper_00000_fit_Me2017_tmax_19/ with /tmp/tmp_sr88y5k/
17:55 bilby INFO    : Overwriting fits_msi/lc_nugent-hyper_00000/Me2017/pm_lc_nugent-hyper_00000_fit_Me2017_tmax_19/ with /tmp/tmp_sr88y5k/
17:55 bilby INFO    : Overwriting fits_msi/lc_nugent-hyper_00000/Me2017/pm_lc_nugent-hyper_00000_fit_Me2017_tmax_19/ with /tmp/tmp_sr88y5k/
17:56 bilby INFO    : Overwriting fits_msi/lc_nugent-hyper_00000/Me2017/pm_lc_nugent-hyper_00000_fit_Me2017_tmax_19/ with /tmp/tmp_sr88y5k/
17:56 bilby INFO    : Overwriting fits_msi/lc_nugent-hyper_00000/Me2017/pm_lc_nugent-hyper_00000_fit_Me2017_tmax_19/ with /tmp/tmp_sr88y5k/
17:56 bilby INFO    : Overwriting fits_msi/lc_nugent-hyper_00000/Me2017/pm_lc_nugent-hyper_00000_fit_Me2017_tmax_19/ with /tmp/tmp_sr88y5k/
17:56 bilby INFO    : Sampling time: 0:07:32.765619
17:56 bilby INFO    : Summary of results:
nsamples: 6692
ln_noise_evidence:  0.000
ln_evidence: -53.509 +/-  0.104
ln_bayes_factor: -53.509 +/-  0.104

17:56 bilby INFO    : Writing samples file to /panfs/jay/groups/32/cough052/barna314/dsmma_kn_23/fits_msi/lc_nugent-hyper_00000/Me2017/lc_nugent-hyper_00000_fit_Me2017_tmax_19_posterior_samples.dat
/home/cough052/barna314/anaconda3/envs/nmma_env/lib/python3.10/site-packages/nmma-0.0.19-py3.10.egg/nmma/em/utils.py:984: RuntimeWarning: invalid value encountered in divide
  Tobs = 1e10 * (Ltot / (4 * np.pi * Rphoto**2 * sigSB)) ** (0.25)
